#
# There is insufficient memory for the Java Runtime Environment to continue.
# Cannot create GC thread. Out of system resources.
# Possible reasons:
#   The system is out of physical RAM or swap space
#   In 32 bit mode, the process size limit was hit
# Possible solutions:
#   Reduce memory load on the system
#   Increase physical memory or swap space
#   Check if swap backing store is full
#   Use 64 bit Java on a 64 bit OS
#   Decrease Java heap size (-Xmx/-Xms)
#   Decrease number of Java threads
#   Decrease Java thread stack sizes (-Xss)
#   Set larger code cache with -XX:ReservedCodeCacheSize=
# This output file may be truncated or incomplete.
#
#  Out of Memory Error (gcTaskThread.cpp:48), pid=1488, tid=0x00007fb270856700
#
# JRE version:  (8.0_161-b14) (build )
# Java VM: OpenJDK 64-Bit Server VM (25.161-b14 mixed mode linux-amd64 compressed oops)
# Failed to write core dump. Core dumps have been disabled. To enable core dumping, try "ulimit -c unlimited" before starting Java again
#

---------------  T H R E A D  ---------------

Current thread (0x00007fb26800a4e0):  JavaThread "Unknown thread" [_thread_in_vm, id=1493, stack(0x00007fb270756000,0x00007fb270857000)]

Stack: [0x00007fb270756000,0x00007fb270857000],  sp=0x00007fb270855770,  free space=1021k
Native frames: (J=compiled Java code, j=interpreted, Vv=VM code, C=native code)
V  [libjvm.so+0xab44bd]
V  [libjvm.so+0x4ec94a]
V  [libjvm.so+0x5bc89f]
V  [libjvm.so+0x5bc077]
V  [libjvm.so+0x8d5634]
V  [libjvm.so+0xa7da79]
V  [libjvm.so+0xa7dd12]
V  [libjvm.so+0x61cd85]
V  [libjvm.so+0xa6098e]
V  [libjvm.so+0x6976e5]  JNI_CreateJavaVM+0x65
C  [libjli.so+0x3057]
C  [libpthread.so.0+0x7e25]  start_thread+0xc5


---------------  P R O C E S S  ---------------

Java Threads: ( => current thread )

Other Threads:

=>0x00007fb26800a4e0 (exited) JavaThread "Unknown thread" [_thread_in_vm, id=1493, stack(0x00007fb270756000,0x00007fb270857000)]

VM state:not at safepoint (not fully initialized)

VM Mutex/Monitor currently owned by a thread: None

GC Heap History (0 events):
No events

Deoptimization events (0 events):
No events

Classes redefined (0 events):
No events

Internal exceptions (0 events):
No events

Events (0 events):
No events


Dynamic libraries:
00400000-00401000 r-xp 00000000 08:03 619022                             /usr/lib/jvm/java-1.8.0-openjdk-1.8.0.161-0.b14.el7_4.x86_64/bin/java
00600000-00601000 r--p 00000000 08:03 619022                             /usr/lib/jvm/java-1.8.0-openjdk-1.8.0.161-0.b14.el7_4.x86_64/bin/java
00601000-00602000 rw-p 00001000 08:03 619022                             /usr/lib/jvm/java-1.8.0-openjdk-1.8.0.161-0.b14.el7_4.x86_64/bin/java
01c8e000-01caf000 rw-p 00000000 00:00 0                                  [heap]
5cb200000-5e0100000 rw-p 00000000 00:00 0 
5e0100000-719100000 ---p 00000000 00:00 0 
719100000-723800000 rw-p 00000000 00:00 0 
723800000-7c0000000 ---p 00000000 00:00 0 
7fb258590000-7fb258638000 rw-p 00000000 00:00 0 
7fb258638000-7fb259000000 ---p 00000000 00:00 0 
7fb259000000-7fb259270000 rwxp 00000000 00:00 0 
7fb259270000-7fb268000000 ---p 00000000 00:00 0 
7fb268000000-7fb268037000 rw-p 00000000 00:00 0 
7fb268037000-7fb26c000000 ---p 00000000 00:00 0 
7fb26c090000-7fb26c091000 ---p 00000000 00:00 0 
7fb26c091000-7fb26c191000 rw-p 00000000 00:00 0 
7fb26c191000-7fb26c192000 ---p 00000000 00:00 0 
7fb26c192000-7fb26c33a000 rw-p 00000000 00:00 0 
7fb26c33a000-7fb26cd01000 ---p 00000000 00:00 0 
7fb26cd01000-7fb26cd55000 rw-p 00000000 00:00 0 
7fb26cd55000-7fb26d239000 ---p 00000000 00:00 0 
7fb26d239000-7fb26d244000 rw-p 00000000 00:00 0 
7fb26d244000-7fb26d5fa000 ---p 00000000 00:00 0 
7fb26d5fa000-7fb26d602000 r-xp 00000000 08:03 268934658                  /usr/lib/jvm/java-1.8.0-openjdk-1.8.0.161-0.b14.el7_4.x86_64/jre/lib/amd64/libzip.so
7fb26d602000-7fb26d801000 ---p 00008000 08:03 268934658                  /usr/lib/jvm/java-1.8.0-openjdk-1.8.0.161-0.b14.el7_4.x86_64/jre/lib/amd64/libzip.so
7fb26d801000-7fb26d802000 r--p 00007000 08:03 268934658                  /usr/lib/jvm/java-1.8.0-openjdk-1.8.0.161-0.b14.el7_4.x86_64/jre/lib/amd64/libzip.so
7fb26d802000-7fb26d803000 rw-p 00008000 08:03 268934658                  /usr/lib/jvm/java-1.8.0-openjdk-1.8.0.161-0.b14.el7_4.x86_64/jre/lib/amd64/libzip.so
7fb26d803000-7fb26d80f000 r-xp 00000000 08:03 138791516                  /usr/lib64/libnss_ldap.so.2
7fb26d80f000-7fb26da0e000 ---p 0000c000 08:03 138791516                  /usr/lib64/libnss_ldap.so.2
7fb26da0e000-7fb26da0f000 r--p 0000b000 08:03 138791516                  /usr/lib64/libnss_ldap.so.2
7fb26da0f000-7fb26da10000 rw-p 0000c000 08:03 138791516                  /usr/lib64/libnss_ldap.so.2
7fb26da10000-7fb26da1c000 r-xp 00000000 08:03 134220077                  /usr/lib64/libnss_files-2.17.so
7fb26da1c000-7fb26dc1b000 ---p 0000c000 08:03 134220077                  /usr/lib64/libnss_files-2.17.so
7fb26dc1b000-7fb26dc1c000 r--p 0000b000 08:03 134220077                  /usr/lib64/libnss_files-2.17.so
7fb26dc1c000-7fb26dc1d000 rw-p 0000c000 08:03 134220077                  /usr/lib64/libnss_files-2.17.so
7fb26dc1d000-7fb26dc23000 rw-p 00000000 00:00 0 
7fb26dc23000-7fb26dc51000 r-xp 00000000 08:03 268934640                  /usr/lib/jvm/java-1.8.0-openjdk-1.8.0.161-0.b14.el7_4.x86_64/jre/lib/amd64/libjava.so
7fb26dc51000-7fb26de50000 ---p 0002e000 08:03 268934640                  /usr/lib/jvm/java-1.8.0-openjdk-1.8.0.161-0.b14.el7_4.x86_64/jre/lib/amd64/libjava.so
7fb26de50000-7fb26de51000 r--p 0002d000 08:03 268934640                  /usr/lib/jvm/java-1.8.0-openjdk-1.8.0.161-0.b14.el7_4.x86_64/jre/lib/amd64/libjava.so
7fb26de51000-7fb26de53000 rw-p 0002e000 08:03 268934640                  /usr/lib/jvm/java-1.8.0-openjdk-1.8.0.161-0.b14.el7_4.x86_64/jre/lib/amd64/libjava.so
7fb26de53000-7fb26de60000 r-xp 00000000 08:03 268934657                  /usr/lib/jvm/java-1.8.0-openjdk-1.8.0.161-0.b14.el7_4.x86_64/jre/lib/amd64/libverify.so
7fb26de60000-7fb26e05f000 ---p 0000d000 08:03 268934657                  /usr/lib/jvm/java-1.8.0-openjdk-1.8.0.161-0.b14.el7_4.x86_64/jre/lib/amd64/libverify.so
7fb26e05f000-7fb26e061000 r--p 0000c000 08:03 268934657                  /usr/lib/jvm/java-1.8.0-openjdk-1.8.0.161-0.b14.el7_4.x86_64/jre/lib/amd64/libverify.so
7fb26e061000-7fb26e062000 rw-p 0000e000 08:03 268934657                  /usr/lib/jvm/java-1.8.0-openjdk-1.8.0.161-0.b14.el7_4.x86_64/jre/lib/amd64/libverify.so
7fb26e062000-7fb26e069000 r-xp 00000000 08:03 134220089                  /usr/lib64/librt-2.17.so
7fb26e069000-7fb26e268000 ---p 00007000 08:03 134220089                  /usr/lib64/librt-2.17.so
7fb26e268000-7fb26e269000 r--p 00006000 08:03 134220089                  /usr/lib64/librt-2.17.so
7fb26e269000-7fb26e26a000 rw-p 00007000 08:03 134220089                  /usr/lib64/librt-2.17.so
7fb26e26a000-7fb26e27f000 r-xp 00000000 08:03 137334278                  /usr/lib64/libgcc_s-4.8.5-20150702.so.1
7fb26e27f000-7fb26e47e000 ---p 00015000 08:03 137334278                  /usr/lib64/libgcc_s-4.8.5-20150702.so.1
7fb26e47e000-7fb26e47f000 r--p 00014000 08:03 137334278                  /usr/lib64/libgcc_s-4.8.5-20150702.so.1
7fb26e47f000-7fb26e480000 rw-p 00015000 08:03 137334278                  /usr/lib64/libgcc_s-4.8.5-20150702.so.1
7fb26e480000-7fb26e581000 r-xp 00000000 08:03 134220067                  /usr/lib64/libm-2.17.so
7fb26e581000-7fb26e780000 ---p 00101000 08:03 134220067                  /usr/lib64/libm-2.17.so
7fb26e780000-7fb26e781000 r--p 00100000 08:03 134220067                  /usr/lib64/libm-2.17.so
7fb26e781000-7fb26e782000 rw-p 00101000 08:03 134220067                  /usr/lib64/libm-2.17.so
7fb26e782000-7fb26e86b000 r-xp 00000000 08:03 137334291                  /usr/lib64/libstdc++.so.6.0.19
7fb26e86b000-7fb26ea6b000 ---p 000e9000 08:03 137334291                  /usr/lib64/libstdc++.so.6.0.19
7fb26ea6b000-7fb26ea73000 r--p 000e9000 08:03 137334291                  /usr/lib64/libstdc++.so.6.0.19
7fb26ea73000-7fb26ea75000 rw-p 000f1000 08:03 137334291                  /usr/lib64/libstdc++.so.6.0.19
7fb26ea75000-7fb26ea8a000 rw-p 00000000 00:00 0 
7fb26ea8a000-7fb26f750000 r-xp 00000000 08:03 134955384                  /usr/lib/jvm/java-1.8.0-openjdk-1.8.0.161-0.b14.el7_4.x86_64/jre/lib/amd64/server/libjvm.so
7fb26f750000-7fb26f94f000 ---p 00cc6000 08:03 134955384                  /usr/lib/jvm/java-1.8.0-openjdk-1.8.0.161-0.b14.el7_4.x86_64/jre/lib/amd64/server/libjvm.so
7fb26f94f000-7fb26f9fa000 r--p 00cc5000 08:03 134955384                  /usr/lib/jvm/java-1.8.0-openjdk-1.8.0.161-0.b14.el7_4.x86_64/jre/lib/amd64/server/libjvm.so
7fb26f9fa000-7fb26fa23000 rw-p 00d70000 08:03 134955384                  /usr/lib/jvm/java-1.8.0-openjdk-1.8.0.161-0.b14.el7_4.x86_64/jre/lib/amd64/server/libjvm.so
7fb26fa23000-7fb26fa56000 rw-p 00000000 00:00 0 
7fb26fa56000-7fb26fc0e000 r-xp 00000000 08:03 134220059                  /usr/lib64/libc-2.17.so
7fb26fc0e000-7fb26fe0e000 ---p 001b8000 08:03 134220059                  /usr/lib64/libc-2.17.so
7fb26fe0e000-7fb26fe12000 r--p 001b8000 08:03 134220059                  /usr/lib64/libc-2.17.so
7fb26fe12000-7fb26fe14000 rw-p 001bc000 08:03 134220059                  /usr/lib64/libc-2.17.so
7fb26fe14000-7fb26fe19000 rw-p 00000000 00:00 0 
7fb26fe19000-7fb26fe1b000 r-xp 00000000 08:03 134220065                  /usr/lib64/libdl-2.17.so
7fb26fe1b000-7fb27001b000 ---p 00002000 08:03 134220065                  /usr/lib64/libdl-2.17.so
7fb27001b000-7fb27001c000 r--p 00002000 08:03 134220065                  /usr/lib64/libdl-2.17.so
7fb27001c000-7fb27001d000 rw-p 00003000 08:03 134220065                  /usr/lib64/libdl-2.17.so
7fb27001d000-7fb27002b000 r-xp 00000000 08:03 135192732                  /usr/lib/jvm/java-1.8.0-openjdk-1.8.0.161-0.b14.el7_4.x86_64/lib/amd64/jli/libjli.so
7fb27002b000-7fb27022a000 ---p 0000e000 08:03 135192732                  /usr/lib/jvm/java-1.8.0-openjdk-1.8.0.161-0.b14.el7_4.x86_64/lib/amd64/jli/libjli.so
7fb27022a000-7fb27022b000 r--p 0000d000 08:03 135192732                  /usr/lib/jvm/java-1.8.0-openjdk-1.8.0.161-0.b14.el7_4.x86_64/lib/amd64/jli/libjli.so
7fb27022b000-7fb27022c000 rw-p 0000e000 08:03 135192732                  /usr/lib/jvm/java-1.8.0-openjdk-1.8.0.161-0.b14.el7_4.x86_64/lib/amd64/jli/libjli.so
7fb27022c000-7fb270241000 r-xp 00000000 08:03 134220169                  /usr/lib64/libz.so.1.2.7
7fb270241000-7fb270440000 ---p 00015000 08:03 134220169                  /usr/lib64/libz.so.1.2.7
7fb270440000-7fb270441000 r--p 00014000 08:03 134220169                  /usr/lib64/libz.so.1.2.7
7fb270441000-7fb270442000 rw-p 00015000 08:03 134220169                  /usr/lib64/libz.so.1.2.7
7fb270442000-7fb270459000 r-xp 00000000 08:03 134220085                  /usr/lib64/libpthread-2.17.so
7fb270459000-7fb270658000 ---p 00017000 08:03 134220085                  /usr/lib64/libpthread-2.17.so
7fb270658000-7fb270659000 r--p 00016000 08:03 134220085                  /usr/lib64/libpthread-2.17.so
7fb270659000-7fb27065a000 rw-p 00017000 08:03 134220085                  /usr/lib64/libpthread-2.17.so
7fb27065a000-7fb27065e000 rw-p 00000000 00:00 0 
7fb27065e000-7fb27067f000 r-xp 00000000 08:03 134731031                  /usr/lib64/ld-2.17.so
7fb270756000-7fb270759000 ---p 00000000 00:00 0 
7fb270759000-7fb27085c000 rw-p 00000000 00:00 0 
7fb270871000-7fb270874000 rw-p 00000000 00:00 0 
7fb270874000-7fb27087c000 rw-s 00000000 00:26 5436915                    /tmp/hsperfdata_kingsley/1488
7fb27087c000-7fb27087d000 rw-p 00000000 00:00 0 
7fb27087d000-7fb27087e000 r--p 00000000 00:00 0 
7fb27087e000-7fb27087f000 rw-p 00000000 00:00 0 
7fb27087f000-7fb270880000 r--p 00021000 08:03 134731031                  /usr/lib64/ld-2.17.so
7fb270880000-7fb270881000 rw-p 00022000 08:03 134731031                  /usr/lib64/ld-2.17.so
7fb270881000-7fb270882000 rw-p 00000000 00:00 0 
7fff1213a000-7fff1215b000 rw-p 00000000 00:00 0                          [stack]
7fff1216c000-7fff1216e000 r-xp 00000000 00:00 0                          [vdso]
ffffffffff600000-ffffffffff601000 r-xp 00000000 00:00 0                  [vsyscall]

VM Arguments:
jvm_args: -Dfile.encoding=UTF-8 
java_command: cs5530.phase2driver
java_class_path (initial): /usr/lib/jvm/java-1.8.0-openjdk-1.8.0.161-0.b14.el7_4.x86_64/jre/lib/resources.jar:/usr/lib/jvm/java-1.8.0-openjdk-1.8.0.161-0.b14.el7_4.x86_64/jre/lib/rt.jar:/usr/lib/jvm/java-1.8.0-openjdk-1.8.0.161-0.b14.el7_4.x86_64/jre/lib/jsse.jar:/usr/lib/jvm/java-1.8.0-openjdk-1.8.0.161-0.b14.el7_4.x86_64/jre/lib/jce.jar:/usr/lib/jvm/java-1.8.0-openjdk-1.8.0.161-0.b14.el7_4.x86_64/jre/lib/charsets.jar:/usr/lib/jvm/java-1.8.0-openjdk-1.8.0.161-0.b14.el7_4.x86_64/jre/lib/ext/cldrdata.jar:/usr/lib/jvm/java-1.8.0-openjdk-1.8.0.161-0.b14.el7_4.x86_64/jre/lib/ext/dnsns.jar:/usr/lib/jvm/java-1.8.0-openjdk-1.8.0.161-0.b14.el7_4.x86_64/jre/lib/ext/jaccess.jar:/usr/lib/jvm/java-1.8.0-openjdk-1.8.0.161-0.b14.el7_4.x86_64/jre/lib/ext/localedata.jar:/usr/lib/jvm/java-1.8.0-openjdk-1.8.0.161-0.b14.el7_4.x86_64/jre/lib/ext/nashorn.jar:/usr/lib/jvm/java-1.8.0-openjdk-1.8.0.161-0.b14.el7_4.x86_64/jre/lib/ext/sunec.jar:/usr/lib/jvm/java-1.8.0-openjdk-1.8.0.161-0.b14.el7_4.x86_64/jre/lib/ext/sunjce_provider.jar:/usr/lib/jvm/java-1.8.0-openjdk-1.8.0.161-0.b14.el7_4.x86_64/jre/lib/ext/sunpkcs11.jar:/usr/lib/jvm/java-1.8.0-openjdk-1.8.0.161-0.b14.el7_4.x86_64/jre/lib/ext/zipfs.jar:/home/kingsley/git/DatabaseRepo/phase2projectjava/bin:/home/kingsley/git/DatabaseRepo/phase2projectjava/lib/mysql.jar:/home/kingsley/git/DatabaseRepo/phase2projectjava/lib/jsch-0.1.54.jar
Launcher Type: SUN_STANDARD

Environment Variables:
PATH=/home/kingsley/ffmpeg/bin:/usr/lib64/qt-3.3/bin:/usr/local/bin:/usr/bin:/bin:/usr/local/sbin:/usr/sbin
SHELL=/bin/tcsh
DISPLAY=:0
HOSTTYPE=x86_64-linux
OSTYPE=linux
MACHTYPE=x86_64

Signal Handlers:
SIGSEGV: [libjvm.so+0xab4fe0], sa_mask[0]=11111111011111111101111111111110, sa_flags=SA_RESTART|SA_SIGINFO
SIGBUS: [libjvm.so+0xab4fe0], sa_mask[0]=11111111011111111101111111111110, sa_flags=SA_RESTART|SA_SIGINFO
SIGFPE: [libjvm.so+0x8ac640], sa_mask[0]=11111111011111111101111111111110, sa_flags=SA_RESTART|SA_SIGINFO
SIGPIPE: [libjvm.so+0x8ac640], sa_mask[0]=11111111011111111101111111111110, sa_flags=SA_RESTART|SA_SIGINFO
SIGXFSZ: [libjvm.so+0x8ac640], sa_mask[0]=11111111011111111101111111111110, sa_flags=SA_RESTART|SA_SIGINFO
SIGILL: [libjvm.so+0x8ac640], sa_mask[0]=11111111011111111101111111111110, sa_flags=SA_RESTART|SA_SIGINFO
SIGUSR1: SIG_DFL, sa_mask[0]=00000000000000000000000000000000, sa_flags=none
SIGUSR2: [libjvm.so+0x8ac4f0], sa_mask[0]=00100000000000000000000000000000, sa_flags=SA_RESTART|SA_SIGINFO
SIGHUP: SIG_DFL, sa_mask[0]=00000000000000000000000000000000, sa_flags=none
SIGINT: SIG_DFL, sa_mask[0]=00000000000000000000000000000000, sa_flags=none
SIGTERM: SIG_DFL, sa_mask[0]=00000000000000000000000000000000, sa_flags=none
SIGQUIT: SIG_DFL, sa_mask[0]=00000000000000000000000000000000, sa_flags=none


---------------  S Y S T E M  ---------------

OS:Red Hat Enterprise Linux Server release 7.4 (Maipo)

uname:Linux 3.10.0-693.21.1.el7.x86_64 #1 SMP Fri Feb 23 18:54:16 UTC 2018 x86_64
libc:glibc 2.17 NPTL 2.17 
rlimit: STACK 8192k, CORE 0k, NPROC 500, NOFILE 4096, AS infinity
load average:0.95 0.96 0.69

/proc/meminfo:
MemTotal:       32819632 kB
MemFree:        24540876 kB
MemAvailable:   28200048 kB
Buffers:            3116 kB
Cached:          3679116 kB
SwapCached:            0 kB
Active:          5582968 kB
Inactive:        1576796 kB
Active(anon):    3479928 kB
Inactive(anon):   145120 kB
Active(file):    2103040 kB
Inactive(file):  1431676 kB
Unevictable:          48 kB
Mlocked:              48 kB
SwapTotal:             0 kB
SwapFree:              0 kB
Dirty:               132 kB
Writeback:             0 kB
AnonPages:       3455968 kB
Mapped:           531004 kB
Shmem:            147516 kB
Slab:             631576 kB
SReclaimable:     526312 kB
SUnreclaim:       105264 kB
KernelStack:       16112 kB
PageTables:        62964 kB
NFS_Unstable:          0 kB
Bounce:                0 kB
WritebackTmp:          0 kB
CommitLimit:    16409816 kB
Committed_AS:    9940748 kB
VmallocTotal:   34359738367 kB
VmallocUsed:      437244 kB
VmallocChunk:   34358947836 kB
HardwareCorrupted:     0 kB
AnonHugePages:   1454080 kB
HugePages_Total:       0
HugePages_Free:        0
HugePages_Rsvd:        0
HugePages_Surp:        0
Hugepagesize:       2048 kB
DirectMap4k:     3175896 kB
DirectMap2M:    30251008 kB
DirectMap1G:           0 kB


CPU:total 8 (initial active 8) (4 cores per cpu, 2 threads per core) family 6 model 60 stepping 3, cmov, cx8, fxsr, mmx, sse, sse2, sse3, ssse3, sse4.1, sse4.2, popcnt, avx, avx2, aes, clmul, erms, lzcnt, ht, tsc, tscinvbit, bmi1, bmi2

/proc/cpuinfo:
processor	: 0
vendor_id	: GenuineIntel
cpu family	: 6
model		: 60
model name	: Intel(R) Core(TM) i7-4790 CPU @ 3.60GHz
stepping	: 3
microcode	: 0x22
cpu MHz		: 3799.968
cache size	: 8192 KB
physical id	: 0
siblings	: 8
core id		: 0
cpu cores	: 4
apicid		: 0
initial apicid	: 0
fpu		: yes
fpu_exception	: yes
cpuid level	: 13
wp		: yes
flags		: fpu vme de pse tsc msr pae mce cx8 apic sep mtrr pge mca cmov pat pse36 clflush dts acpi mmx fxsr sse sse2 ss ht tm pbe syscall nx pdpe1gb rdtscp lm constant_tsc arch_perfmon pebs bts rep_good nopl xtopology nonstop_tsc aperfmperf eagerfpu pni pclmulqdq dtes64 monitor ds_cpl vmx smx est tm2 ssse3 fma cx16 xtpr pdcm pcid sse4_1 sse4_2 x2apic movbe popcnt tsc_deadline_timer aes xsave avx f16c rdrand lahf_lm abm epb invpcid_single tpr_shadow vnmi flexpriority ept vpid fsgsbase tsc_adjust bmi1 avx2 smep bmi2 erms invpcid xsaveopt dtherm ida arat pln pts
bogomips	: 7184.01
clflush size	: 64
cache_alignment	: 64
address sizes	: 39 bits physical, 48 bits virtual
power management:

processor	: 1
vendor_id	: GenuineIntel
cpu family	: 6
model		: 60
model name	: Intel(R) Core(TM) i7-4790 CPU @ 3.60GHz
stepping	: 3
microcode	: 0x22
cpu MHz		: 3799.968
cache size	: 8192 KB
physical id	: 0
siblings	: 8
core id		: 1
cpu cores	: 4
apicid		: 2
initial apicid	: 2
fpu		: yes
fpu_exception	: yes
cpuid level	: 13
wp		: yes
flags		: fpu vme de pse tsc msr pae mce cx8 apic sep mtrr pge mca cmov pat pse36 clflush dts acpi mmx fxsr sse sse2 ss ht tm pbe syscall nx pdpe1gb rdtscp lm constant_tsc arch_perfmon pebs bts rep_good nopl xtopology nonstop_tsc aperfmperf eagerfpu pni pclmulqdq dtes64 monitor ds_cpl vmx smx est tm2 ssse3 fma cx16 xtpr pdcm pcid sse4_1 sse4_2 x2apic movbe popcnt tsc_deadline_timer aes xsave avx f16c rdrand lahf_lm abm epb invpcid_single tpr_shadow vnmi flexpriority ept vpid fsgsbase tsc_adjust bmi1 avx2 smep bmi2 erms invpcid xsaveopt dtherm ida arat pln pts
bogomips	: 7184.01
clflush size	: 64
cache_alignment	: 64
address sizes	: 39 bits physical, 48 bits virtual
power management:

processor	: 2
vendor_id	: GenuineIntel
cpu family	: 6
model		: 60
model name	: Intel(R) Core(TM) i7-4790 CPU @ 3.60GHz
stepping	: 3
microcode	: 0x22
cpu MHz		: 3799.968
cache size	: 8192 KB
physical id	: 0
siblings	: 8
core id		: 2
cpu cores	: 4
apicid		: 4
initial apicid	: 4
fpu		: yes
fpu_exception	: yes
cpuid level	: 13
wp		: yes
flags		: fpu vme de pse tsc msr pae mce cx8 apic sep mtrr pge mca cmov pat pse36 clflush dts acpi mmx fxsr sse sse2 ss ht tm pbe syscall nx pdpe1gb rdtscp lm constant_tsc arch_perfmon pebs bts rep_good nopl xtopology nonstop_tsc aperfmperf eagerfpu pni pclmulqdq dtes64 monitor ds_cpl vmx smx est tm2 ssse3 fma cx16 xtpr pdcm pcid sse4_1 sse4_2 x2apic movbe popcnt tsc_deadline_timer aes xsave avx f16c rdrand lahf_lm abm epb invpcid_single tpr_shadow vnmi flexpriority ept vpid fsgsbase tsc_adjust bmi1 avx2 smep bmi2 erms invpcid xsaveopt dtherm ida arat pln pts
bogomips	: 7184.01
clflush size	: 64
cache_alignment	: 64
address sizes	: 39 bits physical, 48 bits virtual
power management:

processor	: 3
vendor_id	: GenuineIntel
cpu family	: 6
model		: 60
model name	: Intel(R) Core(TM) i7-4790 CPU @ 3.60GHz
stepping	: 3
microcode	: 0x22
cpu MHz		: 3823.593
cache size	: 8192 KB
physical id	: 0
siblings	: 8
core id		: 3
cpu cores	: 4
apicid		: 6
initial apicid	: 6
fpu		: yes
fpu_exception	: yes
cpuid level	: 13
wp		: yes
flags		: fpu vme de pse tsc msr pae mce cx8 apic sep mtrr pge mca cmov pat pse36 clflush dts acpi mmx fxsr sse sse2 ss ht tm pbe syscall nx pdpe1gb rdtscp lm constant_tsc arch_perfmon pebs bts rep_good nopl xtopology nonstop_tsc aperfmperf eagerfpu pni pclmulqdq dtes64 monitor ds_cpl vmx smx est tm2 ssse3 fma cx16 xtpr pdcm pcid sse4_1 sse4_2 x2apic movbe popcnt tsc_deadline_timer aes xsave avx f16c rdrand lahf_lm abm epb invpcid_single tpr_shadow vnmi flexpriority ept vpid fsgsbase tsc_adjust bmi1 avx2 smep bmi2 erms invpcid xsaveopt dtherm ida arat pln pts
bogomips	: 7184.01
clflush size	: 64
cache_alignment	: 64
address sizes	: 39 bits physical, 48 bits virtual
power management:

processor	: 4
vendor_id	: GenuineIntel
cpu family	: 6
model		: 60
model name	: Intel(R) Core(TM) i7-4790 CPU @ 3.60GHz
stepping	: 3
microcode	: 0x22
cpu MHz		: 3799.968
cache size	: 8192 KB
physical id	: 0
siblings	: 8
core id		: 0
cpu cores	: 4
apicid		: 1
initial apicid	: 1
fpu		: yes
fpu_exception	: yes
cpuid level	: 13
wp		: yes
flags		: fpu vme de pse tsc msr pae mce cx8 apic sep mtrr pge mca cmov pat pse36 clflush dts acpi mmx fxsr sse sse2 ss ht tm pbe syscall nx pdpe1gb rdtscp lm constant_tsc arch_perfmon pebs bts rep_good nopl xtopology nonstop_tsc aperfmperf eagerfpu pni pclmulqdq dtes64 monitor ds_cpl vmx smx est tm2 ssse3 fma cx16 xtpr pdcm pcid sse4_1 sse4_2 x2apic movbe popcnt tsc_deadline_timer aes xsave avx f16c rdrand lahf_lm abm epb invpcid_single tpr_shadow vnmi flexpriority ept vpid fsgsbase tsc_adjust bmi1 avx2 smep bmi2 erms invpcid xsaveopt dtherm ida arat pln pts
bogomips	: 7184.01
clflush size	: 64
cache_alignment	: 64
address sizes	: 39 bits physical, 48 bits virtual
power management:

processor	: 5
vendor_id	: GenuineIntel
cpu family	: 6
model		: 60
model name	: Intel(R) Core(TM) i7-4790 CPU @ 3.60GHz
stepping	: 3
microcode	: 0x22
cpu MHz		: 3799.968
cache size	: 8192 KB
physical id	: 0
siblings	: 8
core id		: 1
cpu cores	: 4
apicid		: 3
initial apicid	: 3
fpu		: yes
fpu_exception	: yes
cpuid level	: 13
wp		: yes
flags		: fpu vme de pse tsc msr pae mce cx8 apic sep mtrr pge mca cmov pat pse36 clflush dts acpi mmx fxsr sse sse2 ss ht tm pbe syscall nx pdpe1gb rdtscp lm constant_tsc arch_perfmon pebs bts rep_good nopl xtopology nonstop_tsc aperfmperf eagerfpu pni pclmulqdq dtes64 monitor ds_cpl vmx smx est tm2 ssse3 fma cx16 xtpr pdcm pcid sse4_1 sse4_2 x2apic movbe popcnt tsc_deadline_timer aes xsave avx f16c rdrand lahf_lm abm epb invpcid_single tpr_shadow vnmi flexpriority ept vpid fsgsbase tsc_adjust bmi1 avx2 smep bmi2 erms invpcid xsaveopt dtherm ida arat pln pts
bogomips	: 7184.01
clflush size	: 64
cache_alignment	: 64
address sizes	: 39 bits physical, 48 bits virtual
power management:

processor	: 6
vendor_id	: GenuineIntel
cpu family	: 6
model		: 60
model name	: Intel(R) Core(TM) i7-4790 CPU @ 3.60GHz
stepping	: 3
microcode	: 0x22
cpu MHz		: 3799.968
cache size	: 8192 KB
physical id	: 0
siblings	: 8
core id		: 2
cpu cores	: 4
apicid		: 5
initial apicid	: 5
fpu		: yes
fpu_exception	: yes
cpuid level	: 13
wp		: yes
flags		: fpu vme de pse tsc msr pae mce cx8 apic sep mtrr pge mca cmov pat pse36 clflush dts acpi mmx fxsr sse sse2 ss ht tm pbe syscall nx pdpe1gb rdtscp lm constant_tsc arch_perfmon pebs bts rep_good nopl xtopology nonstop_tsc aperfmperf eagerfpu pni pclmulqdq dtes64 monitor ds_cpl vmx smx est tm2 ssse3 fma cx16 xtpr pdcm pcid sse4_1 sse4_2 x2apic movbe popcnt tsc_deadline_timer aes xsave avx f16c rdrand lahf_lm abm epb invpcid_single tpr_shadow vnmi flexpriority ept vpid fsgsbase tsc_adjust bmi1 avx2 smep bmi2 erms invpcid xsaveopt dtherm ida arat pln pts
bogomips	: 7184.01
clflush size	: 64
cache_alignment	: 64
address sizes	: 39 bits physical, 48 bits virtual
power management:

processor	: 7
vendor_id	: GenuineIntel
cpu family	: 6
model		: 60
model name	: Intel(R) Core(TM) i7-4790 CPU @ 3.60GHz
stepping	: 3
microcode	: 0x22
cpu MHz		: 3799.968
cache size	: 8192 KB
physical id	: 0
siblings	: 8
core id		: 3
cpu cores	: 4
apicid		: 7
initial apicid	: 7
fpu		: yes
fpu_exception	: yes
cpuid level	: 13
wp		: yes
flags		: fpu vme de pse tsc msr pae mce cx8 apic sep mtrr pge mca cmov pat pse36 clflush dts acpi mmx fxsr sse sse2 ss ht tm pbe syscall nx pdpe1gb rdtscp lm constant_tsc arch_perfmon pebs bts rep_good nopl xtopology nonstop_tsc aperfmperf eagerfpu pni pclmulqdq dtes64 monitor ds_cpl vmx smx est tm2 ssse3 fma cx16 xtpr pdcm pcid sse4_1 sse4_2 x2apic movbe popcnt tsc_deadline_timer aes xsave avx f16c rdrand lahf_lm abm epb invpcid_single tpr_shadow vnmi flexpriority ept vpid fsgsbase tsc_adjust bmi1 avx2 smep bmi2 erms invpcid xsaveopt dtherm ida arat pln pts
bogomips	: 7184.01
clflush size	: 64
cache_alignment	: 64
address sizes	: 39 bits physical, 48 bits virtual
power management:



Memory: 4k page, physical 32819632k(24540876k free), swap 0k(0k free)

vm_info: OpenJDK 64-Bit Server VM (25.161-b14) for linux-amd64 JRE (1.8.0_161-b14), built on Jan  9 2018 19:54:33 by "mockbuild" with gcc 4.8.5 20150623 (Red Hat 4.8.5-16)

time: Sat Mar 24 15:05:23 2018
elapsed time: 0 seconds (0d 0h 0m 0s)

