#
# There is insufficient memory for the Java Runtime Environment to continue.
# Cannot create GC thread. Out of system resources.
# Possible reasons:
#   The system is out of physical RAM or swap space
#   In 32 bit mode, the process size limit was hit
# Possible solutions:
#   Reduce memory load on the system
#   Increase physical memory or swap space
#   Check if swap backing store is full
#   Use 64 bit Java on a 64 bit OS
#   Decrease Java heap size (-Xmx/-Xms)
#   Decrease number of Java threads
#   Decrease Java thread stack sizes (-Xss)
#   Set larger code cache with -XX:ReservedCodeCacheSize=
# This output file may be truncated or incomplete.
#
#  Out of Memory Error (gcTaskThread.cpp:48), pid=25190, tid=0x00007f4d019c3700
#
# JRE version:  (8.0_161-b14) (build )
# Java VM: OpenJDK 64-Bit Server VM (25.161-b14 mixed mode linux-amd64 compressed oops)
# Failed to write core dump. Core dumps have been disabled. To enable core dumping, try "ulimit -c unlimited" before starting Java again
#

---------------  T H R E A D  ---------------

Current thread (0x00007f4cf800a4e0):  JavaThread "Unknown thread" [_thread_in_vm, id=25195, stack(0x00007f4d018c3000,0x00007f4d019c4000)]

Stack: [0x00007f4d018c3000,0x00007f4d019c4000],  sp=0x00007f4d019c2770,  free space=1021k
Native frames: (J=compiled Java code, j=interpreted, Vv=VM code, C=native code)
V  [libjvm.so+0xab44bd]
V  [libjvm.so+0x4ec94a]
V  [libjvm.so+0x5bc89f]
V  [libjvm.so+0x5bc077]
V  [libjvm.so+0x8d5634]
V  [libjvm.so+0xa7da79]
V  [libjvm.so+0xa7dd12]
V  [libjvm.so+0x61cd85]
V  [libjvm.so+0xa6098e]
V  [libjvm.so+0x6976e5]  JNI_CreateJavaVM+0x65
C  [libjli.so+0x3057]
C  [libpthread.so.0+0x7e25]  start_thread+0xc5


---------------  P R O C E S S  ---------------

Java Threads: ( => current thread )

Other Threads:

=>0x00007f4cf800a4e0 (exited) JavaThread "Unknown thread" [_thread_in_vm, id=25195, stack(0x00007f4d018c3000,0x00007f4d019c4000)]

VM state:not at safepoint (not fully initialized)

VM Mutex/Monitor currently owned by a thread: None

GC Heap History (0 events):
No events

Deoptimization events (0 events):
No events

Classes redefined (0 events):
No events

Internal exceptions (0 events):
No events

Events (0 events):
No events


Dynamic libraries:
00400000-00401000 r-xp 00000000 08:03 619022                             /usr/lib/jvm/java-1.8.0-openjdk-1.8.0.161-0.b14.el7_4.x86_64/bin/java
00600000-00601000 r--p 00000000 08:03 619022                             /usr/lib/jvm/java-1.8.0-openjdk-1.8.0.161-0.b14.el7_4.x86_64/bin/java
00601000-00602000 rw-p 00001000 08:03 619022                             /usr/lib/jvm/java-1.8.0-openjdk-1.8.0.161-0.b14.el7_4.x86_64/bin/java
01f9b000-01fbc000 rw-p 00000000 00:00 0                                  [heap]
5cb200000-5e0100000 rw-p 00000000 00:00 0 
5e0100000-719100000 ---p 00000000 00:00 0 
719100000-723800000 rw-p 00000000 00:00 0 
723800000-7c0000000 ---p 00000000 00:00 0 
7f4ce9000000-7f4ce9270000 rwxp 00000000 00:00 0 
7f4ce9270000-7f4cf8000000 ---p 00000000 00:00 0 
7f4cf8000000-7f4cf803c000 rw-p 00000000 00:00 0 
7f4cf803c000-7f4cfc000000 ---p 00000000 00:00 0 
7f4cfc389000-7f4cfc38a000 ---p 00000000 00:00 0 
7f4cfc38a000-7f4cfc48a000 rw-p 00000000 00:00 0 
7f4cfc48a000-7f4cfc48b000 ---p 00000000 00:00 0 
7f4cfc48b000-7f4cfc58b000 rw-p 00000000 00:00 0 
7f4cfc58b000-7f4cfc58c000 ---p 00000000 00:00 0 
7f4cfc58c000-7f4cfc68c000 rw-p 00000000 00:00 0 
7f4cfc68c000-7f4cfc68d000 ---p 00000000 00:00 0 
7f4cfc68d000-7f4cfc78d000 rw-p 00000000 00:00 0 
7f4cfc78d000-7f4cfc78e000 ---p 00000000 00:00 0 
7f4cfc78e000-7f4cfc88e000 rw-p 00000000 00:00 0 
7f4cfc88e000-7f4cfc88f000 ---p 00000000 00:00 0 
7f4cfc88f000-7f4cfca37000 rw-p 00000000 00:00 0 
7f4cfca37000-7f4cfd3ff000 ---p 00000000 00:00 0 
7f4cfd3ff000-7f4cfd4a7000 rw-p 00000000 00:00 0 
7f4cfd4a7000-7f4cfde6e000 ---p 00000000 00:00 0 
7f4cfde6e000-7f4cfdec2000 rw-p 00000000 00:00 0 
7f4cfdec2000-7f4cfe3a6000 ---p 00000000 00:00 0 
7f4cfe3a6000-7f4cfe3b1000 rw-p 00000000 00:00 0 
7f4cfe3b1000-7f4cfe767000 ---p 00000000 00:00 0 
7f4cfe767000-7f4cfe76f000 r-xp 00000000 08:03 268934658                  /usr/lib/jvm/java-1.8.0-openjdk-1.8.0.161-0.b14.el7_4.x86_64/jre/lib/amd64/libzip.so
7f4cfe76f000-7f4cfe96e000 ---p 00008000 08:03 268934658                  /usr/lib/jvm/java-1.8.0-openjdk-1.8.0.161-0.b14.el7_4.x86_64/jre/lib/amd64/libzip.so
7f4cfe96e000-7f4cfe96f000 r--p 00007000 08:03 268934658                  /usr/lib/jvm/java-1.8.0-openjdk-1.8.0.161-0.b14.el7_4.x86_64/jre/lib/amd64/libzip.so
7f4cfe96f000-7f4cfe970000 rw-p 00008000 08:03 268934658                  /usr/lib/jvm/java-1.8.0-openjdk-1.8.0.161-0.b14.el7_4.x86_64/jre/lib/amd64/libzip.so
7f4cfe970000-7f4cfe97c000 r-xp 00000000 08:03 138791516                  /usr/lib64/libnss_ldap.so.2
7f4cfe97c000-7f4cfeb7b000 ---p 0000c000 08:03 138791516                  /usr/lib64/libnss_ldap.so.2
7f4cfeb7b000-7f4cfeb7c000 r--p 0000b000 08:03 138791516                  /usr/lib64/libnss_ldap.so.2
7f4cfeb7c000-7f4cfeb7d000 rw-p 0000c000 08:03 138791516                  /usr/lib64/libnss_ldap.so.2
7f4cfeb7d000-7f4cfeb89000 r-xp 00000000 08:03 134220077                  /usr/lib64/libnss_files-2.17.so
7f4cfeb89000-7f4cfed88000 ---p 0000c000 08:03 134220077                  /usr/lib64/libnss_files-2.17.so
7f4cfed88000-7f4cfed89000 r--p 0000b000 08:03 134220077                  /usr/lib64/libnss_files-2.17.so
7f4cfed89000-7f4cfed8a000 rw-p 0000c000 08:03 134220077                  /usr/lib64/libnss_files-2.17.so
7f4cfed8a000-7f4cfed90000 rw-p 00000000 00:00 0 
7f4cfed90000-7f4cfedbe000 r-xp 00000000 08:03 268934640                  /usr/lib/jvm/java-1.8.0-openjdk-1.8.0.161-0.b14.el7_4.x86_64/jre/lib/amd64/libjava.so
7f4cfedbe000-7f4cfefbd000 ---p 0002e000 08:03 268934640                  /usr/lib/jvm/java-1.8.0-openjdk-1.8.0.161-0.b14.el7_4.x86_64/jre/lib/amd64/libjava.so
7f4cfefbd000-7f4cfefbe000 r--p 0002d000 08:03 268934640                  /usr/lib/jvm/java-1.8.0-openjdk-1.8.0.161-0.b14.el7_4.x86_64/jre/lib/amd64/libjava.so
7f4cfefbe000-7f4cfefc0000 rw-p 0002e000 08:03 268934640                  /usr/lib/jvm/java-1.8.0-openjdk-1.8.0.161-0.b14.el7_4.x86_64/jre/lib/amd64/libjava.so
7f4cfefc0000-7f4cfefcd000 r-xp 00000000 08:03 268934657                  /usr/lib/jvm/java-1.8.0-openjdk-1.8.0.161-0.b14.el7_4.x86_64/jre/lib/amd64/libverify.so
7f4cfefcd000-7f4cff1cc000 ---p 0000d000 08:03 268934657                  /usr/lib/jvm/java-1.8.0-openjdk-1.8.0.161-0.b14.el7_4.x86_64/jre/lib/amd64/libverify.so
7f4cff1cc000-7f4cff1ce000 r--p 0000c000 08:03 268934657                  /usr/lib/jvm/java-1.8.0-openjdk-1.8.0.161-0.b14.el7_4.x86_64/jre/lib/amd64/libverify.so
7f4cff1ce000-7f4cff1cf000 rw-p 0000e000 08:03 268934657                  /usr/lib/jvm/java-1.8.0-openjdk-1.8.0.161-0.b14.el7_4.x86_64/jre/lib/amd64/libverify.so
7f4cff1cf000-7f4cff1d6000 r-xp 00000000 08:03 134220089                  /usr/lib64/librt-2.17.so
7f4cff1d6000-7f4cff3d5000 ---p 00007000 08:03 134220089                  /usr/lib64/librt-2.17.so
7f4cff3d5000-7f4cff3d6000 r--p 00006000 08:03 134220089                  /usr/lib64/librt-2.17.so
7f4cff3d6000-7f4cff3d7000 rw-p 00007000 08:03 134220089                  /usr/lib64/librt-2.17.so
7f4cff3d7000-7f4cff3ec000 r-xp 00000000 08:03 137334278                  /usr/lib64/libgcc_s-4.8.5-20150702.so.1
7f4cff3ec000-7f4cff5eb000 ---p 00015000 08:03 137334278                  /usr/lib64/libgcc_s-4.8.5-20150702.so.1
7f4cff5eb000-7f4cff5ec000 r--p 00014000 08:03 137334278                  /usr/lib64/libgcc_s-4.8.5-20150702.so.1
7f4cff5ec000-7f4cff5ed000 rw-p 00015000 08:03 137334278                  /usr/lib64/libgcc_s-4.8.5-20150702.so.1
7f4cff5ed000-7f4cff6ee000 r-xp 00000000 08:03 134220067                  /usr/lib64/libm-2.17.so
7f4cff6ee000-7f4cff8ed000 ---p 00101000 08:03 134220067                  /usr/lib64/libm-2.17.so
7f4cff8ed000-7f4cff8ee000 r--p 00100000 08:03 134220067                  /usr/lib64/libm-2.17.so
7f4cff8ee000-7f4cff8ef000 rw-p 00101000 08:03 134220067                  /usr/lib64/libm-2.17.so
7f4cff8ef000-7f4cff9d8000 r-xp 00000000 08:03 137334291                  /usr/lib64/libstdc++.so.6.0.19
7f4cff9d8000-7f4cffbd8000 ---p 000e9000 08:03 137334291                  /usr/lib64/libstdc++.so.6.0.19
7f4cffbd8000-7f4cffbe0000 r--p 000e9000 08:03 137334291                  /usr/lib64/libstdc++.so.6.0.19
7f4cffbe0000-7f4cffbe2000 rw-p 000f1000 08:03 137334291                  /usr/lib64/libstdc++.so.6.0.19
7f4cffbe2000-7f4cffbf7000 rw-p 00000000 00:00 0 
7f4cffbf7000-7f4d008bd000 r-xp 00000000 08:03 134955384                  /usr/lib/jvm/java-1.8.0-openjdk-1.8.0.161-0.b14.el7_4.x86_64/jre/lib/amd64/server/libjvm.so
7f4d008bd000-7f4d00abc000 ---p 00cc6000 08:03 134955384                  /usr/lib/jvm/java-1.8.0-openjdk-1.8.0.161-0.b14.el7_4.x86_64/jre/lib/amd64/server/libjvm.so
7f4d00abc000-7f4d00b67000 r--p 00cc5000 08:03 134955384                  /usr/lib/jvm/java-1.8.0-openjdk-1.8.0.161-0.b14.el7_4.x86_64/jre/lib/amd64/server/libjvm.so
7f4d00b67000-7f4d00b90000 rw-p 00d70000 08:03 134955384                  /usr/lib/jvm/java-1.8.0-openjdk-1.8.0.161-0.b14.el7_4.x86_64/jre/lib/amd64/server/libjvm.so
7f4d00b90000-7f4d00bc3000 rw-p 00000000 00:00 0 
7f4d00bc3000-7f4d00d7b000 r-xp 00000000 08:03 134220059                  /usr/lib64/libc-2.17.so
7f4d00d7b000-7f4d00f7b000 ---p 001b8000 08:03 134220059                  /usr/lib64/libc-2.17.so
7f4d00f7b000-7f4d00f7f000 r--p 001b8000 08:03 134220059                  /usr/lib64/libc-2.17.so
7f4d00f7f000-7f4d00f81000 rw-p 001bc000 08:03 134220059                  /usr/lib64/libc-2.17.so
7f4d00f81000-7f4d00f86000 rw-p 00000000 00:00 0 
7f4d00f86000-7f4d00f88000 r-xp 00000000 08:03 134220065                  /usr/lib64/libdl-2.17.so
7f4d00f88000-7f4d01188000 ---p 00002000 08:03 134220065                  /usr/lib64/libdl-2.17.so
7f4d01188000-7f4d01189000 r--p 00002000 08:03 134220065                  /usr/lib64/libdl-2.17.so
7f4d01189000-7f4d0118a000 rw-p 00003000 08:03 134220065                  /usr/lib64/libdl-2.17.so
7f4d0118a000-7f4d01198000 r-xp 00000000 08:03 135192732                  /usr/lib/jvm/java-1.8.0-openjdk-1.8.0.161-0.b14.el7_4.x86_64/lib/amd64/jli/libjli.so
7f4d01198000-7f4d01397000 ---p 0000e000 08:03 135192732                  /usr/lib/jvm/java-1.8.0-openjdk-1.8.0.161-0.b14.el7_4.x86_64/lib/amd64/jli/libjli.so
7f4d01397000-7f4d01398000 r--p 0000d000 08:03 135192732                  /usr/lib/jvm/java-1.8.0-openjdk-1.8.0.161-0.b14.el7_4.x86_64/lib/amd64/jli/libjli.so
7f4d01398000-7f4d01399000 rw-p 0000e000 08:03 135192732                  /usr/lib/jvm/java-1.8.0-openjdk-1.8.0.161-0.b14.el7_4.x86_64/lib/amd64/jli/libjli.so
7f4d01399000-7f4d013ae000 r-xp 00000000 08:03 134220169                  /usr/lib64/libz.so.1.2.7
7f4d013ae000-7f4d015ad000 ---p 00015000 08:03 134220169                  /usr/lib64/libz.so.1.2.7
7f4d015ad000-7f4d015ae000 r--p 00014000 08:03 134220169                  /usr/lib64/libz.so.1.2.7
7f4d015ae000-7f4d015af000 rw-p 00015000 08:03 134220169                  /usr/lib64/libz.so.1.2.7
7f4d015af000-7f4d015c6000 r-xp 00000000 08:03 134220085                  /usr/lib64/libpthread-2.17.so
7f4d015c6000-7f4d017c5000 ---p 00017000 08:03 134220085                  /usr/lib64/libpthread-2.17.so
7f4d017c5000-7f4d017c6000 r--p 00016000 08:03 134220085                  /usr/lib64/libpthread-2.17.so
7f4d017c6000-7f4d017c7000 rw-p 00017000 08:03 134220085                  /usr/lib64/libpthread-2.17.so
7f4d017c7000-7f4d017cb000 rw-p 00000000 00:00 0 
7f4d017cb000-7f4d017ec000 r-xp 00000000 08:03 134731031                  /usr/lib64/ld-2.17.so
7f4d018c3000-7f4d018c6000 ---p 00000000 00:00 0 
7f4d018c6000-7f4d019c9000 rw-p 00000000 00:00 0 
7f4d019de000-7f4d019e1000 rw-p 00000000 00:00 0 
7f4d019e1000-7f4d019e9000 rw-s 00000000 00:26 4322712                    /tmp/hsperfdata_kingsley/25190
7f4d019e9000-7f4d019ea000 rw-p 00000000 00:00 0 
7f4d019ea000-7f4d019eb000 r--p 00000000 00:00 0 
7f4d019eb000-7f4d019ec000 rw-p 00000000 00:00 0 
7f4d019ec000-7f4d019ed000 r--p 00021000 08:03 134731031                  /usr/lib64/ld-2.17.so
7f4d019ed000-7f4d019ee000 rw-p 00022000 08:03 134731031                  /usr/lib64/ld-2.17.so
7f4d019ee000-7f4d019ef000 rw-p 00000000 00:00 0 
7fff5d6af000-7fff5d6d0000 rw-p 00000000 00:00 0                          [stack]
7fff5d76d000-7fff5d76f000 r-xp 00000000 00:00 0                          [vdso]
ffffffffff600000-ffffffffff601000 r-xp 00000000 00:00 0                  [vsyscall]

VM Arguments:
jvm_args: -Dfile.encoding=UTF-8 
java_command: cs5530.phase2driver
java_class_path (initial): /usr/lib/jvm/java-1.8.0-openjdk-1.8.0.161-0.b14.el7_4.x86_64/jre/lib/resources.jar:/usr/lib/jvm/java-1.8.0-openjdk-1.8.0.161-0.b14.el7_4.x86_64/jre/lib/rt.jar:/usr/lib/jvm/java-1.8.0-openjdk-1.8.0.161-0.b14.el7_4.x86_64/jre/lib/jsse.jar:/usr/lib/jvm/java-1.8.0-openjdk-1.8.0.161-0.b14.el7_4.x86_64/jre/lib/jce.jar:/usr/lib/jvm/java-1.8.0-openjdk-1.8.0.161-0.b14.el7_4.x86_64/jre/lib/charsets.jar:/usr/lib/jvm/java-1.8.0-openjdk-1.8.0.161-0.b14.el7_4.x86_64/jre/lib/ext/cldrdata.jar:/usr/lib/jvm/java-1.8.0-openjdk-1.8.0.161-0.b14.el7_4.x86_64/jre/lib/ext/dnsns.jar:/usr/lib/jvm/java-1.8.0-openjdk-1.8.0.161-0.b14.el7_4.x86_64/jre/lib/ext/jaccess.jar:/usr/lib/jvm/java-1.8.0-openjdk-1.8.0.161-0.b14.el7_4.x86_64/jre/lib/ext/localedata.jar:/usr/lib/jvm/java-1.8.0-openjdk-1.8.0.161-0.b14.el7_4.x86_64/jre/lib/ext/nashorn.jar:/usr/lib/jvm/java-1.8.0-openjdk-1.8.0.161-0.b14.el7_4.x86_64/jre/lib/ext/sunec.jar:/usr/lib/jvm/java-1.8.0-openjdk-1.8.0.161-0.b14.el7_4.x86_64/jre/lib/ext/sunjce_provider.jar:/usr/lib/jvm/java-1.8.0-openjdk-1.8.0.161-0.b14.el7_4.x86_64/jre/lib/ext/sunpkcs11.jar:/usr/lib/jvm/java-1.8.0-openjdk-1.8.0.161-0.b14.el7_4.x86_64/jre/lib/ext/zipfs.jar:/home/kingsley/git/DatabaseRepo/phase2projectjava/bin:/home/kingsley/git/DatabaseRepo/phase2projectjava/lib/mysql.jar:/home/kingsley/git/DatabaseRepo/phase2projectjava/lib/jsch-0.1.54.jar
Launcher Type: SUN_STANDARD

Environment Variables:
PATH=/home/kingsley/ffmpeg/bin:/usr/lib64/qt-3.3/bin:/usr/local/bin:/usr/bin:/bin:/usr/local/sbin:/usr/sbin
SHELL=/bin/tcsh
DISPLAY=:0
HOSTTYPE=x86_64-linux
OSTYPE=linux
MACHTYPE=x86_64

Signal Handlers:
SIGSEGV: [libjvm.so+0xab4fe0], sa_mask[0]=11111111011111111101111111111110, sa_flags=SA_RESTART|SA_SIGINFO
SIGBUS: [libjvm.so+0xab4fe0], sa_mask[0]=11111111011111111101111111111110, sa_flags=SA_RESTART|SA_SIGINFO
SIGFPE: [libjvm.so+0x8ac640], sa_mask[0]=11111111011111111101111111111110, sa_flags=SA_RESTART|SA_SIGINFO
SIGPIPE: [libjvm.so+0x8ac640], sa_mask[0]=11111111011111111101111111111110, sa_flags=SA_RESTART|SA_SIGINFO
SIGXFSZ: [libjvm.so+0x8ac640], sa_mask[0]=11111111011111111101111111111110, sa_flags=SA_RESTART|SA_SIGINFO
SIGILL: [libjvm.so+0x8ac640], sa_mask[0]=11111111011111111101111111111110, sa_flags=SA_RESTART|SA_SIGINFO
SIGUSR1: SIG_DFL, sa_mask[0]=00000000000000000000000000000000, sa_flags=none
SIGUSR2: [libjvm.so+0x8ac4f0], sa_mask[0]=00100000000000000000000000000000, sa_flags=SA_RESTART|SA_SIGINFO
SIGHUP: SIG_DFL, sa_mask[0]=00000000000000000000000000000000, sa_flags=none
SIGINT: SIG_DFL, sa_mask[0]=00000000000000000000000000000000, sa_flags=none
SIGTERM: SIG_DFL, sa_mask[0]=00000000000000000000000000000000, sa_flags=none
SIGQUIT: SIG_DFL, sa_mask[0]=00000000000000000000000000000000, sa_flags=none


---------------  S Y S T E M  ---------------

OS:Red Hat Enterprise Linux Server release 7.4 (Maipo)

uname:Linux 3.10.0-693.21.1.el7.x86_64 #1 SMP Fri Feb 23 18:54:16 UTC 2018 x86_64
libc:glibc 2.17 NPTL 2.17 
rlimit: STACK 8192k, CORE 0k, NPROC 500, NOFILE 4096, AS infinity
load average:0.24 0.62 0.63

/proc/meminfo:
MemTotal:       32819632 kB
MemFree:        24720156 kB
MemAvailable:   28310520 kB
Buffers:            3116 kB
Cached:          3599464 kB
SwapCached:            0 kB
Active:          5476892 kB
Inactive:        1512124 kB
Active(anon):    3388820 kB
Inactive(anon):   128692 kB
Active(file):    2088072 kB
Inactive(file):  1383432 kB
Unevictable:          48 kB
Mlocked:              48 kB
SwapTotal:             0 kB
SwapFree:              0 kB
Dirty:                88 kB
Writeback:             0 kB
AnonPages:       3384984 kB
Mapped:           524312 kB
Shmem:            131076 kB
Slab:             625328 kB
SReclaimable:     520716 kB
SUnreclaim:       104612 kB
KernelStack:       16320 kB
PageTables:        62656 kB
NFS_Unstable:          0 kB
Bounce:                0 kB
WritebackTmp:          0 kB
CommitLimit:    16409816 kB
Committed_AS:    9860596 kB
VmallocTotal:   34359738367 kB
VmallocUsed:      437244 kB
VmallocChunk:   34358947836 kB
HardwareCorrupted:     0 kB
AnonHugePages:   1357824 kB
HugePages_Total:       0
HugePages_Free:        0
HugePages_Rsvd:        0
HugePages_Surp:        0
Hugepagesize:       2048 kB
DirectMap4k:     3175896 kB
DirectMap2M:    30251008 kB
DirectMap1G:           0 kB


CPU:total 8 (initial active 8) (4 cores per cpu, 2 threads per core) family 6 model 60 stepping 3, cmov, cx8, fxsr, mmx, sse, sse2, sse3, ssse3, sse4.1, sse4.2, popcnt, avx, avx2, aes, clmul, erms, lzcnt, ht, tsc, tscinvbit, bmi1, bmi2

/proc/cpuinfo:
processor	: 0
vendor_id	: GenuineIntel
cpu family	: 6
model		: 60
model name	: Intel(R) Core(TM) i7-4790 CPU @ 3.60GHz
stepping	: 3
microcode	: 0x22
cpu MHz		: 3814.171
cache size	: 8192 KB
physical id	: 0
siblings	: 8
core id		: 0
cpu cores	: 4
apicid		: 0
initial apicid	: 0
fpu		: yes
fpu_exception	: yes
cpuid level	: 13
wp		: yes
flags		: fpu vme de pse tsc msr pae mce cx8 apic sep mtrr pge mca cmov pat pse36 clflush dts acpi mmx fxsr sse sse2 ss ht tm pbe syscall nx pdpe1gb rdtscp lm constant_tsc arch_perfmon pebs bts rep_good nopl xtopology nonstop_tsc aperfmperf eagerfpu pni pclmulqdq dtes64 monitor ds_cpl vmx smx est tm2 ssse3 fma cx16 xtpr pdcm pcid sse4_1 sse4_2 x2apic movbe popcnt tsc_deadline_timer aes xsave avx f16c rdrand lahf_lm abm epb invpcid_single tpr_shadow vnmi flexpriority ept vpid fsgsbase tsc_adjust bmi1 avx2 smep bmi2 erms invpcid xsaveopt dtherm ida arat pln pts
bogomips	: 7184.01
clflush size	: 64
cache_alignment	: 64
address sizes	: 39 bits physical, 48 bits virtual
power management:

processor	: 1
vendor_id	: GenuineIntel
cpu family	: 6
model		: 60
model name	: Intel(R) Core(TM) i7-4790 CPU @ 3.60GHz
stepping	: 3
microcode	: 0x22
cpu MHz		: 3850.171
cache size	: 8192 KB
physical id	: 0
siblings	: 8
core id		: 1
cpu cores	: 4
apicid		: 2
initial apicid	: 2
fpu		: yes
fpu_exception	: yes
cpuid level	: 13
wp		: yes
flags		: fpu vme de pse tsc msr pae mce cx8 apic sep mtrr pge mca cmov pat pse36 clflush dts acpi mmx fxsr sse sse2 ss ht tm pbe syscall nx pdpe1gb rdtscp lm constant_tsc arch_perfmon pebs bts rep_good nopl xtopology nonstop_tsc aperfmperf eagerfpu pni pclmulqdq dtes64 monitor ds_cpl vmx smx est tm2 ssse3 fma cx16 xtpr pdcm pcid sse4_1 sse4_2 x2apic movbe popcnt tsc_deadline_timer aes xsave avx f16c rdrand lahf_lm abm epb invpcid_single tpr_shadow vnmi flexpriority ept vpid fsgsbase tsc_adjust bmi1 avx2 smep bmi2 erms invpcid xsaveopt dtherm ida arat pln pts
bogomips	: 7184.01
clflush size	: 64
cache_alignment	: 64
address sizes	: 39 bits physical, 48 bits virtual
power management:

processor	: 2
vendor_id	: GenuineIntel
cpu family	: 6
model		: 60
model name	: Intel(R) Core(TM) i7-4790 CPU @ 3.60GHz
stepping	: 3
microcode	: 0x22
cpu MHz		: 3884.062
cache size	: 8192 KB
physical id	: 0
siblings	: 8
core id		: 2
cpu cores	: 4
apicid		: 4
initial apicid	: 4
fpu		: yes
fpu_exception	: yes
cpuid level	: 13
wp		: yes
flags		: fpu vme de pse tsc msr pae mce cx8 apic sep mtrr pge mca cmov pat pse36 clflush dts acpi mmx fxsr sse sse2 ss ht tm pbe syscall nx pdpe1gb rdtscp lm constant_tsc arch_perfmon pebs bts rep_good nopl xtopology nonstop_tsc aperfmperf eagerfpu pni pclmulqdq dtes64 monitor ds_cpl vmx smx est tm2 ssse3 fma cx16 xtpr pdcm pcid sse4_1 sse4_2 x2apic movbe popcnt tsc_deadline_timer aes xsave avx f16c rdrand lahf_lm abm epb invpcid_single tpr_shadow vnmi flexpriority ept vpid fsgsbase tsc_adjust bmi1 avx2 smep bmi2 erms invpcid xsaveopt dtherm ida arat pln pts
bogomips	: 7184.01
clflush size	: 64
cache_alignment	: 64
address sizes	: 39 bits physical, 48 bits virtual
power management:

processor	: 3
vendor_id	: GenuineIntel
cpu family	: 6
model		: 60
model name	: Intel(R) Core(TM) i7-4790 CPU @ 3.60GHz
stepping	: 3
microcode	: 0x22
cpu MHz		: 3850.453
cache size	: 8192 KB
physical id	: 0
siblings	: 8
core id		: 3
cpu cores	: 4
apicid		: 6
initial apicid	: 6
fpu		: yes
fpu_exception	: yes
cpuid level	: 13
wp		: yes
flags		: fpu vme de pse tsc msr pae mce cx8 apic sep mtrr pge mca cmov pat pse36 clflush dts acpi mmx fxsr sse sse2 ss ht tm pbe syscall nx pdpe1gb rdtscp lm constant_tsc arch_perfmon pebs bts rep_good nopl xtopology nonstop_tsc aperfmperf eagerfpu pni pclmulqdq dtes64 monitor ds_cpl vmx smx est tm2 ssse3 fma cx16 xtpr pdcm pcid sse4_1 sse4_2 x2apic movbe popcnt tsc_deadline_timer aes xsave avx f16c rdrand lahf_lm abm epb invpcid_single tpr_shadow vnmi flexpriority ept vpid fsgsbase tsc_adjust bmi1 avx2 smep bmi2 erms invpcid xsaveopt dtherm ida arat pln pts
bogomips	: 7184.01
clflush size	: 64
cache_alignment	: 64
address sizes	: 39 bits physical, 48 bits virtual
power management:

processor	: 4
vendor_id	: GenuineIntel
cpu family	: 6
model		: 60
model name	: Intel(R) Core(TM) i7-4790 CPU @ 3.60GHz
stepping	: 3
microcode	: 0x22
cpu MHz		: 3822.187
cache size	: 8192 KB
physical id	: 0
siblings	: 8
core id		: 0
cpu cores	: 4
apicid		: 1
initial apicid	: 1
fpu		: yes
fpu_exception	: yes
cpuid level	: 13
wp		: yes
flags		: fpu vme de pse tsc msr pae mce cx8 apic sep mtrr pge mca cmov pat pse36 clflush dts acpi mmx fxsr sse sse2 ss ht tm pbe syscall nx pdpe1gb rdtscp lm constant_tsc arch_perfmon pebs bts rep_good nopl xtopology nonstop_tsc aperfmperf eagerfpu pni pclmulqdq dtes64 monitor ds_cpl vmx smx est tm2 ssse3 fma cx16 xtpr pdcm pcid sse4_1 sse4_2 x2apic movbe popcnt tsc_deadline_timer aes xsave avx f16c rdrand lahf_lm abm epb invpcid_single tpr_shadow vnmi flexpriority ept vpid fsgsbase tsc_adjust bmi1 avx2 smep bmi2 erms invpcid xsaveopt dtherm ida arat pln pts
bogomips	: 7184.01
clflush size	: 64
cache_alignment	: 64
address sizes	: 39 bits physical, 48 bits virtual
power management:

processor	: 5
vendor_id	: GenuineIntel
cpu family	: 6
model		: 60
model name	: Intel(R) Core(TM) i7-4790 CPU @ 3.60GHz
stepping	: 3
microcode	: 0x22
cpu MHz		: 3808.687
cache size	: 8192 KB
physical id	: 0
siblings	: 8
core id		: 1
cpu cores	: 4
apicid		: 3
initial apicid	: 3
fpu		: yes
fpu_exception	: yes
cpuid level	: 13
wp		: yes
flags		: fpu vme de pse tsc msr pae mce cx8 apic sep mtrr pge mca cmov pat pse36 clflush dts acpi mmx fxsr sse sse2 ss ht tm pbe syscall nx pdpe1gb rdtscp lm constant_tsc arch_perfmon pebs bts rep_good nopl xtopology nonstop_tsc aperfmperf eagerfpu pni pclmulqdq dtes64 monitor ds_cpl vmx smx est tm2 ssse3 fma cx16 xtpr pdcm pcid sse4_1 sse4_2 x2apic movbe popcnt tsc_deadline_timer aes xsave avx f16c rdrand lahf_lm abm epb invpcid_single tpr_shadow vnmi flexpriority ept vpid fsgsbase tsc_adjust bmi1 avx2 smep bmi2 erms invpcid xsaveopt dtherm ida arat pln pts
bogomips	: 7184.01
clflush size	: 64
cache_alignment	: 64
address sizes	: 39 bits physical, 48 bits virtual
power management:

processor	: 6
vendor_id	: GenuineIntel
cpu family	: 6
model		: 60
model name	: Intel(R) Core(TM) i7-4790 CPU @ 3.60GHz
stepping	: 3
microcode	: 0x22
cpu MHz		: 3807.140
cache size	: 8192 KB
physical id	: 0
siblings	: 8
core id		: 2
cpu cores	: 4
apicid		: 5
initial apicid	: 5
fpu		: yes
fpu_exception	: yes
cpuid level	: 13
wp		: yes
flags		: fpu vme de pse tsc msr pae mce cx8 apic sep mtrr pge mca cmov pat pse36 clflush dts acpi mmx fxsr sse sse2 ss ht tm pbe syscall nx pdpe1gb rdtscp lm constant_tsc arch_perfmon pebs bts rep_good nopl xtopology nonstop_tsc aperfmperf eagerfpu pni pclmulqdq dtes64 monitor ds_cpl vmx smx est tm2 ssse3 fma cx16 xtpr pdcm pcid sse4_1 sse4_2 x2apic movbe popcnt tsc_deadline_timer aes xsave avx f16c rdrand lahf_lm abm epb invpcid_single tpr_shadow vnmi flexpriority ept vpid fsgsbase tsc_adjust bmi1 avx2 smep bmi2 erms invpcid xsaveopt dtherm ida arat pln pts
bogomips	: 7184.01
clflush size	: 64
cache_alignment	: 64
address sizes	: 39 bits physical, 48 bits virtual
power management:

processor	: 7
vendor_id	: GenuineIntel
cpu family	: 6
model		: 60
model name	: Intel(R) Core(TM) i7-4790 CPU @ 3.60GHz
stepping	: 3
microcode	: 0x22
cpu MHz		: 3810.937
cache size	: 8192 KB
physical id	: 0
siblings	: 8
core id		: 3
cpu cores	: 4
apicid		: 7
initial apicid	: 7
fpu		: yes
fpu_exception	: yes
cpuid level	: 13
wp		: yes
flags		: fpu vme de pse tsc msr pae mce cx8 apic sep mtrr pge mca cmov pat pse36 clflush dts acpi mmx fxsr sse sse2 ss ht tm pbe syscall nx pdpe1gb rdtscp lm constant_tsc arch_perfmon pebs bts rep_good nopl xtopology nonstop_tsc aperfmperf eagerfpu pni pclmulqdq dtes64 monitor ds_cpl vmx smx est tm2 ssse3 fma cx16 xtpr pdcm pcid sse4_1 sse4_2 x2apic movbe popcnt tsc_deadline_timer aes xsave avx f16c rdrand lahf_lm abm epb invpcid_single tpr_shadow vnmi flexpriority ept vpid fsgsbase tsc_adjust bmi1 avx2 smep bmi2 erms invpcid xsaveopt dtherm ida arat pln pts
bogomips	: 7184.01
clflush size	: 64
cache_alignment	: 64
address sizes	: 39 bits physical, 48 bits virtual
power management:



Memory: 4k page, physical 32819632k(24720156k free), swap 0k(0k free)

vm_info: OpenJDK 64-Bit Server VM (25.161-b14) for linux-amd64 JRE (1.8.0_161-b14), built on Jan  9 2018 19:54:33 by "mockbuild" with gcc 4.8.5 20150623 (Red Hat 4.8.5-16)

time: Sat Mar 24 14:03:31 2018
elapsed time: 0 seconds (0d 0h 0m 0s)

