#
# There is insufficient memory for the Java Runtime Environment to continue.
# Cannot create GC thread. Out of system resources.
# Possible reasons:
#   The system is out of physical RAM or swap space
#   In 32 bit mode, the process size limit was hit
# Possible solutions:
#   Reduce memory load on the system
#   Increase physical memory or swap space
#   Check if swap backing store is full
#   Use 64 bit Java on a 64 bit OS
#   Decrease Java heap size (-Xmx/-Xms)
#   Decrease number of Java threads
#   Decrease Java thread stack sizes (-Xss)
#   Set larger code cache with -XX:ReservedCodeCacheSize=
# This output file may be truncated or incomplete.
#
#  Out of Memory Error (gcTaskThread.cpp:48), pid=27859, tid=0x00007f989e92f700
#
# JRE version:  (8.0_161-b14) (build )
# Java VM: OpenJDK 64-Bit Server VM (25.161-b14 mixed mode linux-amd64 compressed oops)
# Failed to write core dump. Core dumps have been disabled. To enable core dumping, try "ulimit -c unlimited" before starting Java again
#

---------------  T H R E A D  ---------------

Current thread (0x00007f989800a4e0):  JavaThread "Unknown thread" [_thread_in_vm, id=27866, stack(0x00007f989e82f000,0x00007f989e930000)]

Stack: [0x00007f989e82f000,0x00007f989e930000],  sp=0x00007f989e92e770,  free space=1021k
Native frames: (J=compiled Java code, j=interpreted, Vv=VM code, C=native code)
V  [libjvm.so+0xab44bd]
V  [libjvm.so+0x4ec94a]
V  [libjvm.so+0x5bc89f]
V  [libjvm.so+0x5bc077]
V  [libjvm.so+0x8d5634]
V  [libjvm.so+0xa7da79]
V  [libjvm.so+0xa7dd12]
V  [libjvm.so+0x61cd85]
V  [libjvm.so+0xa6098e]
V  [libjvm.so+0x6976e5]  JNI_CreateJavaVM+0x65
C  [libjli.so+0x3057]
C  [libpthread.so.0+0x7e25]  start_thread+0xc5


---------------  P R O C E S S  ---------------

Java Threads: ( => current thread )

Other Threads:

=>0x00007f989800a4e0 (exited) JavaThread "Unknown thread" [_thread_in_vm, id=27866, stack(0x00007f989e82f000,0x00007f989e930000)]

VM state:not at safepoint (not fully initialized)

VM Mutex/Monitor currently owned by a thread: None

GC Heap History (0 events):
No events

Deoptimization events (0 events):
No events

Classes redefined (0 events):
No events

Internal exceptions (0 events):
No events

Events (0 events):
No events


Dynamic libraries:
00400000-00401000 r-xp 00000000 08:03 273507495                          /usr/lib/jvm/java-1.8.0-openjdk-1.8.0.161-0.b14.el7_4.x86_64/bin/java
00600000-00601000 r--p 00000000 08:03 273507495                          /usr/lib/jvm/java-1.8.0-openjdk-1.8.0.161-0.b14.el7_4.x86_64/bin/java
00601000-00602000 rw-p 00001000 08:03 273507495                          /usr/lib/jvm/java-1.8.0-openjdk-1.8.0.161-0.b14.el7_4.x86_64/bin/java
0191c000-0193d000 rw-p 00000000 00:00 0                                  [heap]
5cb200000-5e0100000 rw-p 00000000 00:00 0 
5e0100000-719100000 ---p 00000000 00:00 0 
719100000-723800000 rw-p 00000000 00:00 0 
723800000-7c0000000 ---p 00000000 00:00 0 
7f98867c0000-7f9886868000 rw-p 00000000 00:00 0 
7f9886868000-7f9887230000 ---p 00000000 00:00 0 
7f9887230000-7f98872d8000 rw-p 00000000 00:00 0 
7f98872d8000-7f9887c9f000 ---p 00000000 00:00 0 
7f9887c9f000-7f9887cf3000 rw-p 00000000 00:00 0 
7f9887cf3000-7f98881d7000 ---p 00000000 00:00 0 
7f98881d7000-7f98881e2000 rw-p 00000000 00:00 0 
7f98881e2000-7f9888598000 ---p 00000000 00:00 0 
7f9888598000-7f9888808000 rwxp 00000000 00:00 0 
7f9888808000-7f9897598000 ---p 00000000 00:00 0 
7f9897598000-7f98975a0000 r-xp 00000000 08:03 1778332                    /usr/lib/jvm/java-1.8.0-openjdk-1.8.0.161-0.b14.el7_4.x86_64/jre/lib/amd64/libzip.so
7f98975a0000-7f989779f000 ---p 00008000 08:03 1778332                    /usr/lib/jvm/java-1.8.0-openjdk-1.8.0.161-0.b14.el7_4.x86_64/jre/lib/amd64/libzip.so
7f989779f000-7f98977a0000 r--p 00007000 08:03 1778332                    /usr/lib/jvm/java-1.8.0-openjdk-1.8.0.161-0.b14.el7_4.x86_64/jre/lib/amd64/libzip.so
7f98977a0000-7f98977a1000 rw-p 00008000 08:03 1778332                    /usr/lib/jvm/java-1.8.0-openjdk-1.8.0.161-0.b14.el7_4.x86_64/jre/lib/amd64/libzip.so
7f98977a1000-7f98977ad000 r-xp 00000000 08:03 138848188                  /usr/lib64/libnss_ldap.so.2
7f98977ad000-7f98979ac000 ---p 0000c000 08:03 138848188                  /usr/lib64/libnss_ldap.so.2
7f98979ac000-7f98979ad000 r--p 0000b000 08:03 138848188                  /usr/lib64/libnss_ldap.so.2
7f98979ad000-7f98979ae000 rw-p 0000c000 08:03 138848188                  /usr/lib64/libnss_ldap.so.2
7f98979ae000-7f98979ba000 r-xp 00000000 08:03 134220077                  /usr/lib64/libnss_files-2.17.so
7f98979ba000-7f9897bb9000 ---p 0000c000 08:03 134220077                  /usr/lib64/libnss_files-2.17.so
7f9897bb9000-7f9897bba000 r--p 0000b000 08:03 134220077                  /usr/lib64/libnss_files-2.17.so
7f9897bba000-7f9897bbb000 rw-p 0000c000 08:03 134220077                  /usr/lib64/libnss_files-2.17.so
7f9897bbb000-7f9897bc1000 rw-p 00000000 00:00 0 
7f9897bc1000-7f9897bef000 r-xp 00000000 08:03 1778314                    /usr/lib/jvm/java-1.8.0-openjdk-1.8.0.161-0.b14.el7_4.x86_64/jre/lib/amd64/libjava.so
7f9897bef000-7f9897dee000 ---p 0002e000 08:03 1778314                    /usr/lib/jvm/java-1.8.0-openjdk-1.8.0.161-0.b14.el7_4.x86_64/jre/lib/amd64/libjava.so
7f9897dee000-7f9897def000 r--p 0002d000 08:03 1778314                    /usr/lib/jvm/java-1.8.0-openjdk-1.8.0.161-0.b14.el7_4.x86_64/jre/lib/amd64/libjava.so
7f9897def000-7f9897df1000 rw-p 0002e000 08:03 1778314                    /usr/lib/jvm/java-1.8.0-openjdk-1.8.0.161-0.b14.el7_4.x86_64/jre/lib/amd64/libjava.so
7f9897df1000-7f9897dfe000 r-xp 00000000 08:03 1778331                    /usr/lib/jvm/java-1.8.0-openjdk-1.8.0.161-0.b14.el7_4.x86_64/jre/lib/amd64/libverify.so
7f9897dfe000-7f9897ffd000 ---p 0000d000 08:03 1778331                    /usr/lib/jvm/java-1.8.0-openjdk-1.8.0.161-0.b14.el7_4.x86_64/jre/lib/amd64/libverify.so
7f9897ffd000-7f9897fff000 r--p 0000c000 08:03 1778331                    /usr/lib/jvm/java-1.8.0-openjdk-1.8.0.161-0.b14.el7_4.x86_64/jre/lib/amd64/libverify.so
7f9897fff000-7f9898000000 rw-p 0000e000 08:03 1778331                    /usr/lib/jvm/java-1.8.0-openjdk-1.8.0.161-0.b14.el7_4.x86_64/jre/lib/amd64/libverify.so
7f9898000000-7f9898035000 rw-p 00000000 00:00 0 
7f9898035000-7f989c000000 ---p 00000000 00:00 0 
7f989c03a000-7f989c03b000 ---p 00000000 00:00 0 
7f989c03b000-7f989c13b000 rw-p 00000000 00:00 0 
7f989c13b000-7f989c142000 r-xp 00000000 08:03 134220089                  /usr/lib64/librt-2.17.so
7f989c142000-7f989c341000 ---p 00007000 08:03 134220089                  /usr/lib64/librt-2.17.so
7f989c341000-7f989c342000 r--p 00006000 08:03 134220089                  /usr/lib64/librt-2.17.so
7f989c342000-7f989c343000 rw-p 00007000 08:03 134220089                  /usr/lib64/librt-2.17.so
7f989c343000-7f989c358000 r-xp 00000000 08:03 135026640                  /usr/lib64/libgcc_s-4.8.5-20150702.so.1
7f989c358000-7f989c557000 ---p 00015000 08:03 135026640                  /usr/lib64/libgcc_s-4.8.5-20150702.so.1
7f989c557000-7f989c558000 r--p 00014000 08:03 135026640                  /usr/lib64/libgcc_s-4.8.5-20150702.so.1
7f989c558000-7f989c559000 rw-p 00015000 08:03 135026640                  /usr/lib64/libgcc_s-4.8.5-20150702.so.1
7f989c559000-7f989c65a000 r-xp 00000000 08:03 134220067                  /usr/lib64/libm-2.17.so
7f989c65a000-7f989c859000 ---p 00101000 08:03 134220067                  /usr/lib64/libm-2.17.so
7f989c859000-7f989c85a000 r--p 00100000 08:03 134220067                  /usr/lib64/libm-2.17.so
7f989c85a000-7f989c85b000 rw-p 00101000 08:03 134220067                  /usr/lib64/libm-2.17.so
7f989c85b000-7f989c944000 r-xp 00000000 08:03 134219110                  /usr/lib64/libstdc++.so.6.0.19
7f989c944000-7f989cb44000 ---p 000e9000 08:03 134219110                  /usr/lib64/libstdc++.so.6.0.19
7f989cb44000-7f989cb4c000 r--p 000e9000 08:03 134219110                  /usr/lib64/libstdc++.so.6.0.19
7f989cb4c000-7f989cb4e000 rw-p 000f1000 08:03 134219110                  /usr/lib64/libstdc++.so.6.0.19
7f989cb4e000-7f989cb63000 rw-p 00000000 00:00 0 
7f989cb63000-7f989d829000 r-xp 00000000 08:03 403203710                  /usr/lib/jvm/java-1.8.0-openjdk-1.8.0.161-0.b14.el7_4.x86_64/jre/lib/amd64/server/libjvm.so
7f989d829000-7f989da28000 ---p 00cc6000 08:03 403203710                  /usr/lib/jvm/java-1.8.0-openjdk-1.8.0.161-0.b14.el7_4.x86_64/jre/lib/amd64/server/libjvm.so
7f989da28000-7f989dad3000 r--p 00cc5000 08:03 403203710                  /usr/lib/jvm/java-1.8.0-openjdk-1.8.0.161-0.b14.el7_4.x86_64/jre/lib/amd64/server/libjvm.so
7f989dad3000-7f989dafc000 rw-p 00d70000 08:03 403203710                  /usr/lib/jvm/java-1.8.0-openjdk-1.8.0.161-0.b14.el7_4.x86_64/jre/lib/amd64/server/libjvm.so
7f989dafc000-7f989db2f000 rw-p 00000000 00:00 0 
7f989db2f000-7f989dce7000 r-xp 00000000 08:03 134220059                  /usr/lib64/libc-2.17.so
7f989dce7000-7f989dee7000 ---p 001b8000 08:03 134220059                  /usr/lib64/libc-2.17.so
7f989dee7000-7f989deeb000 r--p 001b8000 08:03 134220059                  /usr/lib64/libc-2.17.so
7f989deeb000-7f989deed000 rw-p 001bc000 08:03 134220059                  /usr/lib64/libc-2.17.so
7f989deed000-7f989def2000 rw-p 00000000 00:00 0 
7f989def2000-7f989def4000 r-xp 00000000 08:03 134220065                  /usr/lib64/libdl-2.17.so
7f989def4000-7f989e0f4000 ---p 00002000 08:03 134220065                  /usr/lib64/libdl-2.17.so
7f989e0f4000-7f989e0f5000 r--p 00002000 08:03 134220065                  /usr/lib64/libdl-2.17.so
7f989e0f5000-7f989e0f6000 rw-p 00003000 08:03 134220065                  /usr/lib64/libdl-2.17.so
7f989e0f6000-7f989e104000 r-xp 00000000 08:03 405170487                  /usr/lib/jvm/java-1.8.0-openjdk-1.8.0.161-0.b14.el7_4.x86_64/lib/amd64/jli/libjli.so
7f989e104000-7f989e303000 ---p 0000e000 08:03 405170487                  /usr/lib/jvm/java-1.8.0-openjdk-1.8.0.161-0.b14.el7_4.x86_64/lib/amd64/jli/libjli.so
7f989e303000-7f989e304000 r--p 0000d000 08:03 405170487                  /usr/lib/jvm/java-1.8.0-openjdk-1.8.0.161-0.b14.el7_4.x86_64/lib/amd64/jli/libjli.so
7f989e304000-7f989e305000 rw-p 0000e000 08:03 405170487                  /usr/lib/jvm/java-1.8.0-openjdk-1.8.0.161-0.b14.el7_4.x86_64/lib/amd64/jli/libjli.so
7f989e305000-7f989e31a000 r-xp 00000000 08:03 134220169                  /usr/lib64/libz.so.1.2.7
7f989e31a000-7f989e519000 ---p 00015000 08:03 134220169                  /usr/lib64/libz.so.1.2.7
7f989e519000-7f989e51a000 r--p 00014000 08:03 134220169                  /usr/lib64/libz.so.1.2.7
7f989e51a000-7f989e51b000 rw-p 00015000 08:03 134220169                  /usr/lib64/libz.so.1.2.7
7f989e51b000-7f989e532000 r-xp 00000000 08:03 134220085                  /usr/lib64/libpthread-2.17.so
7f989e532000-7f989e731000 ---p 00017000 08:03 134220085                  /usr/lib64/libpthread-2.17.so
7f989e731000-7f989e732000 r--p 00016000 08:03 134220085                  /usr/lib64/libpthread-2.17.so
7f989e732000-7f989e733000 rw-p 00017000 08:03 134220085                  /usr/lib64/libpthread-2.17.so
7f989e733000-7f989e737000 rw-p 00000000 00:00 0 
7f989e737000-7f989e758000 r-xp 00000000 08:03 135042656                  /usr/lib64/ld-2.17.so
7f989e82f000-7f989e832000 ---p 00000000 00:00 0 
7f989e832000-7f989e935000 rw-p 00000000 00:00 0 
7f989e94a000-7f989e94d000 rw-p 00000000 00:00 0 
7f989e94d000-7f989e955000 rw-s 00000000 00:26 31836068                   /tmp/hsperfdata_kingsley/27859
7f989e955000-7f989e956000 rw-p 00000000 00:00 0 
7f989e956000-7f989e957000 r--p 00000000 00:00 0 
7f989e957000-7f989e958000 rw-p 00000000 00:00 0 
7f989e958000-7f989e959000 r--p 00021000 08:03 135042656                  /usr/lib64/ld-2.17.so
7f989e959000-7f989e95a000 rw-p 00022000 08:03 135042656                  /usr/lib64/ld-2.17.so
7f989e95a000-7f989e95b000 rw-p 00000000 00:00 0 
7ffe10ada000-7ffe10afb000 rw-p 00000000 00:00 0                          [stack]
7ffe10b17000-7ffe10b19000 r-xp 00000000 00:00 0                          [vdso]
ffffffffff600000-ffffffffff601000 r-xp 00000000 00:00 0                  [vsyscall]

VM Arguments:
jvm_args: -Dfile.encoding=UTF-8 
java_command: cs5530.phase2driver
java_class_path (initial): /usr/lib/jvm/java-1.8.0-openjdk-1.8.0.161-0.b14.el7_4.x86_64/jre/lib/resources.jar:/usr/lib/jvm/java-1.8.0-openjdk-1.8.0.161-0.b14.el7_4.x86_64/jre/lib/rt.jar:/usr/lib/jvm/java-1.8.0-openjdk-1.8.0.161-0.b14.el7_4.x86_64/jre/lib/jsse.jar:/usr/lib/jvm/java-1.8.0-openjdk-1.8.0.161-0.b14.el7_4.x86_64/jre/lib/jce.jar:/usr/lib/jvm/java-1.8.0-openjdk-1.8.0.161-0.b14.el7_4.x86_64/jre/lib/charsets.jar:/usr/lib/jvm/java-1.8.0-openjdk-1.8.0.161-0.b14.el7_4.x86_64/jre/lib/ext/cldrdata.jar:/usr/lib/jvm/java-1.8.0-openjdk-1.8.0.161-0.b14.el7_4.x86_64/jre/lib/ext/dnsns.jar:/usr/lib/jvm/java-1.8.0-openjdk-1.8.0.161-0.b14.el7_4.x86_64/jre/lib/ext/jaccess.jar:/usr/lib/jvm/java-1.8.0-openjdk-1.8.0.161-0.b14.el7_4.x86_64/jre/lib/ext/localedata.jar:/usr/lib/jvm/java-1.8.0-openjdk-1.8.0.161-0.b14.el7_4.x86_64/jre/lib/ext/nashorn.jar:/usr/lib/jvm/java-1.8.0-openjdk-1.8.0.161-0.b14.el7_4.x86_64/jre/lib/ext/sunec.jar:/usr/lib/jvm/java-1.8.0-openjdk-1.8.0.161-0.b14.el7_4.x86_64/jre/lib/ext/sunjce_provider.jar:/usr/lib/jvm/java-1.8.0-openjdk-1.8.0.161-0.b14.el7_4.x86_64/jre/lib/ext/sunpkcs11.jar:/usr/lib/jvm/java-1.8.0-openjdk-1.8.0.161-0.b14.el7_4.x86_64/jre/lib/ext/zipfs.jar:/home/kingsley/git/DatabaseRepo/phase2projectjava/bin:/home/kingsley/git/DatabaseRepo/phase2projectjava/lib/mysql.jar:/home/kingsley/git/DatabaseRepo/phase2projectjava/lib/jsch-0.1.54.jar
Launcher Type: SUN_STANDARD

Environment Variables:
PATH=/home/kingsley/ffmpeg/bin:/usr/lib64/qt-3.3/bin:/usr/local/bin:/usr/bin:/bin:/usr/local/sbin:/usr/sbin
SHELL=/bin/tcsh
DISPLAY=:1
HOSTTYPE=x86_64-linux
OSTYPE=linux
MACHTYPE=x86_64

Signal Handlers:
SIGSEGV: [libjvm.so+0xab4fe0], sa_mask[0]=11111111011111111101111111111110, sa_flags=SA_RESTART|SA_SIGINFO
SIGBUS: [libjvm.so+0xab4fe0], sa_mask[0]=11111111011111111101111111111110, sa_flags=SA_RESTART|SA_SIGINFO
SIGFPE: [libjvm.so+0x8ac640], sa_mask[0]=11111111011111111101111111111110, sa_flags=SA_RESTART|SA_SIGINFO
SIGPIPE: [libjvm.so+0x8ac640], sa_mask[0]=11111111011111111101111111111110, sa_flags=SA_RESTART|SA_SIGINFO
SIGXFSZ: [libjvm.so+0x8ac640], sa_mask[0]=11111111011111111101111111111110, sa_flags=SA_RESTART|SA_SIGINFO
SIGILL: [libjvm.so+0x8ac640], sa_mask[0]=11111111011111111101111111111110, sa_flags=SA_RESTART|SA_SIGINFO
SIGUSR1: SIG_DFL, sa_mask[0]=00000000000000000000000000000000, sa_flags=none
SIGUSR2: [libjvm.so+0x8ac4f0], sa_mask[0]=00100000000000000000000000000000, sa_flags=SA_RESTART|SA_SIGINFO
SIGHUP: SIG_DFL, sa_mask[0]=00000000000000000000000000000000, sa_flags=none
SIGINT: SIG_DFL, sa_mask[0]=00000000000000000000000000000000, sa_flags=none
SIGTERM: SIG_DFL, sa_mask[0]=00000000000000000000000000000000, sa_flags=none
SIGQUIT: SIG_DFL, sa_mask[0]=00000000000000000000000000000000, sa_flags=none


---------------  S Y S T E M  ---------------

OS:Red Hat Enterprise Linux Server release 7.4 (Maipo)

uname:Linux 3.10.0-693.21.1.el7.x86_64 #1 SMP Fri Feb 23 18:54:16 UTC 2018 x86_64
libc:glibc 2.17 NPTL 2.17 
rlimit: STACK 8192k, CORE 0k, NPROC 500, NOFILE 4096, AS infinity
load average:0.07 0.19 0.26

/proc/meminfo:
MemTotal:       32819632 kB
MemFree:          279660 kB
MemAvailable:   25749516 kB
Buffers:            3196 kB
Cached:         15035548 kB
SwapCached:            0 kB
Active:         16165532 kB
Inactive:        3601864 kB
Active(anon):    4796724 kB
Inactive(anon):   479112 kB
Active(file):   11368808 kB
Inactive(file):  3122752 kB
Unevictable:        1832 kB
Mlocked:            1832 kB
SwapTotal:             0 kB
SwapFree:              0 kB
Dirty:               360 kB
Writeback:             0 kB
AnonPages:       4730820 kB
Mapped:           761852 kB
Shmem:            547184 kB
Slab:           12151644 kB
SReclaimable:   11380152 kB
SUnreclaim:       771492 kB
KernelStack:       22480 kB
PageTables:       102924 kB
NFS_Unstable:          0 kB
Bounce:                0 kB
WritebackTmp:          0 kB
CommitLimit:    16409816 kB
Committed_AS:   16021024 kB
VmallocTotal:   34359738367 kB
VmallocUsed:      438388 kB
VmallocChunk:   34358947836 kB
HardwareCorrupted:     0 kB
AnonHugePages:    219136 kB
HugePages_Total:       0
HugePages_Free:        0
HugePages_Rsvd:        0
HugePages_Surp:        0
Hugepagesize:       2048 kB
DirectMap4k:     4771288 kB
DirectMap2M:    26558464 kB
DirectMap1G:     2097152 kB


CPU:total 8 (initial active 8) (4 cores per cpu, 2 threads per core) family 6 model 60 stepping 3, cmov, cx8, fxsr, mmx, sse, sse2, sse3, ssse3, sse4.1, sse4.2, popcnt, avx, avx2, aes, clmul, erms, lzcnt, ht, tsc, tscinvbit, bmi1, bmi2

/proc/cpuinfo:
processor	: 0
vendor_id	: GenuineIntel
cpu family	: 6
model		: 60
model name	: Intel(R) Core(TM) i7-4790 CPU @ 3.60GHz
stepping	: 3
microcode	: 0x22
cpu MHz		: 3886.593
cache size	: 8192 KB
physical id	: 0
siblings	: 8
core id		: 0
cpu cores	: 4
apicid		: 0
initial apicid	: 0
fpu		: yes
fpu_exception	: yes
cpuid level	: 13
wp		: yes
flags		: fpu vme de pse tsc msr pae mce cx8 apic sep mtrr pge mca cmov pat pse36 clflush dts acpi mmx fxsr sse sse2 ss ht tm pbe syscall nx pdpe1gb rdtscp lm constant_tsc arch_perfmon pebs bts rep_good nopl xtopology nonstop_tsc aperfmperf eagerfpu pni pclmulqdq dtes64 monitor ds_cpl vmx smx est tm2 ssse3 fma cx16 xtpr pdcm pcid sse4_1 sse4_2 x2apic movbe popcnt tsc_deadline_timer aes xsave avx f16c rdrand lahf_lm abm epb invpcid_single tpr_shadow vnmi flexpriority ept vpid fsgsbase tsc_adjust bmi1 avx2 smep bmi2 erms invpcid xsaveopt dtherm ida arat pln pts
bogomips	: 7184.03
clflush size	: 64
cache_alignment	: 64
address sizes	: 39 bits physical, 48 bits virtual
power management:

processor	: 1
vendor_id	: GenuineIntel
cpu family	: 6
model		: 60
model name	: Intel(R) Core(TM) i7-4790 CPU @ 3.60GHz
stepping	: 3
microcode	: 0x22
cpu MHz		: 3968.015
cache size	: 8192 KB
physical id	: 0
siblings	: 8
core id		: 1
cpu cores	: 4
apicid		: 2
initial apicid	: 2
fpu		: yes
fpu_exception	: yes
cpuid level	: 13
wp		: yes
flags		: fpu vme de pse tsc msr pae mce cx8 apic sep mtrr pge mca cmov pat pse36 clflush dts acpi mmx fxsr sse sse2 ss ht tm pbe syscall nx pdpe1gb rdtscp lm constant_tsc arch_perfmon pebs bts rep_good nopl xtopology nonstop_tsc aperfmperf eagerfpu pni pclmulqdq dtes64 monitor ds_cpl vmx smx est tm2 ssse3 fma cx16 xtpr pdcm pcid sse4_1 sse4_2 x2apic movbe popcnt tsc_deadline_timer aes xsave avx f16c rdrand lahf_lm abm epb invpcid_single tpr_shadow vnmi flexpriority ept vpid fsgsbase tsc_adjust bmi1 avx2 smep bmi2 erms invpcid xsaveopt dtherm ida arat pln pts
bogomips	: 7184.03
clflush size	: 64
cache_alignment	: 64
address sizes	: 39 bits physical, 48 bits virtual
power management:

processor	: 2
vendor_id	: GenuineIntel
cpu family	: 6
model		: 60
model name	: Intel(R) Core(TM) i7-4790 CPU @ 3.60GHz
stepping	: 3
microcode	: 0x22
cpu MHz		: 3938.484
cache size	: 8192 KB
physical id	: 0
siblings	: 8
core id		: 2
cpu cores	: 4
apicid		: 4
initial apicid	: 4
fpu		: yes
fpu_exception	: yes
cpuid level	: 13
wp		: yes
flags		: fpu vme de pse tsc msr pae mce cx8 apic sep mtrr pge mca cmov pat pse36 clflush dts acpi mmx fxsr sse sse2 ss ht tm pbe syscall nx pdpe1gb rdtscp lm constant_tsc arch_perfmon pebs bts rep_good nopl xtopology nonstop_tsc aperfmperf eagerfpu pni pclmulqdq dtes64 monitor ds_cpl vmx smx est tm2 ssse3 fma cx16 xtpr pdcm pcid sse4_1 sse4_2 x2apic movbe popcnt tsc_deadline_timer aes xsave avx f16c rdrand lahf_lm abm epb invpcid_single tpr_shadow vnmi flexpriority ept vpid fsgsbase tsc_adjust bmi1 avx2 smep bmi2 erms invpcid xsaveopt dtherm ida arat pln pts
bogomips	: 7184.03
clflush size	: 64
cache_alignment	: 64
address sizes	: 39 bits physical, 48 bits virtual
power management:

processor	: 3
vendor_id	: GenuineIntel
cpu family	: 6
model		: 60
model name	: Intel(R) Core(TM) i7-4790 CPU @ 3.60GHz
stepping	: 3
microcode	: 0x22
cpu MHz		: 3853.406
cache size	: 8192 KB
physical id	: 0
siblings	: 8
core id		: 3
cpu cores	: 4
apicid		: 6
initial apicid	: 6
fpu		: yes
fpu_exception	: yes
cpuid level	: 13
wp		: yes
flags		: fpu vme de pse tsc msr pae mce cx8 apic sep mtrr pge mca cmov pat pse36 clflush dts acpi mmx fxsr sse sse2 ss ht tm pbe syscall nx pdpe1gb rdtscp lm constant_tsc arch_perfmon pebs bts rep_good nopl xtopology nonstop_tsc aperfmperf eagerfpu pni pclmulqdq dtes64 monitor ds_cpl vmx smx est tm2 ssse3 fma cx16 xtpr pdcm pcid sse4_1 sse4_2 x2apic movbe popcnt tsc_deadline_timer aes xsave avx f16c rdrand lahf_lm abm epb invpcid_single tpr_shadow vnmi flexpriority ept vpid fsgsbase tsc_adjust bmi1 avx2 smep bmi2 erms invpcid xsaveopt dtherm ida arat pln pts
bogomips	: 7184.03
clflush size	: 64
cache_alignment	: 64
address sizes	: 39 bits physical, 48 bits virtual
power management:

processor	: 4
vendor_id	: GenuineIntel
cpu family	: 6
model		: 60
model name	: Intel(R) Core(TM) i7-4790 CPU @ 3.60GHz
stepping	: 3
microcode	: 0x22
cpu MHz		: 3906.421
cache size	: 8192 KB
physical id	: 0
siblings	: 8
core id		: 0
cpu cores	: 4
apicid		: 1
initial apicid	: 1
fpu		: yes
fpu_exception	: yes
cpuid level	: 13
wp		: yes
flags		: fpu vme de pse tsc msr pae mce cx8 apic sep mtrr pge mca cmov pat pse36 clflush dts acpi mmx fxsr sse sse2 ss ht tm pbe syscall nx pdpe1gb rdtscp lm constant_tsc arch_perfmon pebs bts rep_good nopl xtopology nonstop_tsc aperfmperf eagerfpu pni pclmulqdq dtes64 monitor ds_cpl vmx smx est tm2 ssse3 fma cx16 xtpr pdcm pcid sse4_1 sse4_2 x2apic movbe popcnt tsc_deadline_timer aes xsave avx f16c rdrand lahf_lm abm epb invpcid_single tpr_shadow vnmi flexpriority ept vpid fsgsbase tsc_adjust bmi1 avx2 smep bmi2 erms invpcid xsaveopt dtherm ida arat pln pts
bogomips	: 7184.03
clflush size	: 64
cache_alignment	: 64
address sizes	: 39 bits physical, 48 bits virtual
power management:

processor	: 5
vendor_id	: GenuineIntel
cpu family	: 6
model		: 60
model name	: Intel(R) Core(TM) i7-4790 CPU @ 3.60GHz
stepping	: 3
microcode	: 0x22
cpu MHz		: 3893.343
cache size	: 8192 KB
physical id	: 0
siblings	: 8
core id		: 1
cpu cores	: 4
apicid		: 3
initial apicid	: 3
fpu		: yes
fpu_exception	: yes
cpuid level	: 13
wp		: yes
flags		: fpu vme de pse tsc msr pae mce cx8 apic sep mtrr pge mca cmov pat pse36 clflush dts acpi mmx fxsr sse sse2 ss ht tm pbe syscall nx pdpe1gb rdtscp lm constant_tsc arch_perfmon pebs bts rep_good nopl xtopology nonstop_tsc aperfmperf eagerfpu pni pclmulqdq dtes64 monitor ds_cpl vmx smx est tm2 ssse3 fma cx16 xtpr pdcm pcid sse4_1 sse4_2 x2apic movbe popcnt tsc_deadline_timer aes xsave avx f16c rdrand lahf_lm abm epb invpcid_single tpr_shadow vnmi flexpriority ept vpid fsgsbase tsc_adjust bmi1 avx2 smep bmi2 erms invpcid xsaveopt dtherm ida arat pln pts
bogomips	: 7184.03
clflush size	: 64
cache_alignment	: 64
address sizes	: 39 bits physical, 48 bits virtual
power management:

processor	: 6
vendor_id	: GenuineIntel
cpu family	: 6
model		: 60
model name	: Intel(R) Core(TM) i7-4790 CPU @ 3.60GHz
stepping	: 3
microcode	: 0x22
cpu MHz		: 3905.015
cache size	: 8192 KB
physical id	: 0
siblings	: 8
core id		: 2
cpu cores	: 4
apicid		: 5
initial apicid	: 5
fpu		: yes
fpu_exception	: yes
cpuid level	: 13
wp		: yes
flags		: fpu vme de pse tsc msr pae mce cx8 apic sep mtrr pge mca cmov pat pse36 clflush dts acpi mmx fxsr sse sse2 ss ht tm pbe syscall nx pdpe1gb rdtscp lm constant_tsc arch_perfmon pebs bts rep_good nopl xtopology nonstop_tsc aperfmperf eagerfpu pni pclmulqdq dtes64 monitor ds_cpl vmx smx est tm2 ssse3 fma cx16 xtpr pdcm pcid sse4_1 sse4_2 x2apic movbe popcnt tsc_deadline_timer aes xsave avx f16c rdrand lahf_lm abm epb invpcid_single tpr_shadow vnmi flexpriority ept vpid fsgsbase tsc_adjust bmi1 avx2 smep bmi2 erms invpcid xsaveopt dtherm ida arat pln pts
bogomips	: 7184.03
clflush size	: 64
cache_alignment	: 64
address sizes	: 39 bits physical, 48 bits virtual
power management:

processor	: 7
vendor_id	: GenuineIntel
cpu family	: 6
model		: 60
model name	: Intel(R) Core(TM) i7-4790 CPU @ 3.60GHz
stepping	: 3
microcode	: 0x22
cpu MHz		: 3828.375
cache size	: 8192 KB
physical id	: 0
siblings	: 8
core id		: 3
cpu cores	: 4
apicid		: 7
initial apicid	: 7
fpu		: yes
fpu_exception	: yes
cpuid level	: 13
wp		: yes
flags		: fpu vme de pse tsc msr pae mce cx8 apic sep mtrr pge mca cmov pat pse36 clflush dts acpi mmx fxsr sse sse2 ss ht tm pbe syscall nx pdpe1gb rdtscp lm constant_tsc arch_perfmon pebs bts rep_good nopl xtopology nonstop_tsc aperfmperf eagerfpu pni pclmulqdq dtes64 monitor ds_cpl vmx smx est tm2 ssse3 fma cx16 xtpr pdcm pcid sse4_1 sse4_2 x2apic movbe popcnt tsc_deadline_timer aes xsave avx f16c rdrand lahf_lm abm epb invpcid_single tpr_shadow vnmi flexpriority ept vpid fsgsbase tsc_adjust bmi1 avx2 smep bmi2 erms invpcid xsaveopt dtherm ida arat pln pts
bogomips	: 7184.03
clflush size	: 64
cache_alignment	: 64
address sizes	: 39 bits physical, 48 bits virtual
power management:



Memory: 4k page, physical 32819632k(279660k free), swap 0k(0k free)

vm_info: OpenJDK 64-Bit Server VM (25.161-b14) for linux-amd64 JRE (1.8.0_161-b14), built on Jan  9 2018 19:54:33 by "mockbuild" with gcc 4.8.5 20150623 (Red Hat 4.8.5-16)

time: Sun Mar 25 17:21:12 2018
elapsed time: 0 seconds (0d 0h 0m 0s)

