#
# There is insufficient memory for the Java Runtime Environment to continue.
# Cannot create GC thread. Out of system resources.
# Possible reasons:
#   The system is out of physical RAM or swap space
#   In 32 bit mode, the process size limit was hit
# Possible solutions:
#   Reduce memory load on the system
#   Increase physical memory or swap space
#   Check if swap backing store is full
#   Use 64 bit Java on a 64 bit OS
#   Decrease Java heap size (-Xmx/-Xms)
#   Decrease number of Java threads
#   Decrease Java thread stack sizes (-Xss)
#   Set larger code cache with -XX:ReservedCodeCacheSize=
# This output file may be truncated or incomplete.
#
#  Out of Memory Error (gcTaskThread.cpp:48), pid=15271, tid=0x00007f1b56104740
#
# JRE version:  (8.0_161-b14) (build )
# Java VM: OpenJDK 64-Bit Server VM (25.161-b14 mixed mode linux-amd64 compressed oops)
# Failed to write core dump. Core dumps have been disabled. To enable core dumping, try "ulimit -c unlimited" before starting Java again
#

---------------  T H R E A D  ---------------

Current thread (0x0000000001842ef0):  JavaThread "Unknown thread" [_thread_in_vm, id=15271, stack(0x00007ffef1b04000,0x00007ffef1c04000)]

Stack: [0x00007ffef1b04000,0x00007ffef1c04000],  sp=0x00007ffef1bfc700,  free space=993k
Native frames: (J=compiled Java code, j=interpreted, Vv=VM code, C=native code)
V  [libjvm.so+0xab44bd]
V  [libjvm.so+0x4ec94a]
V  [libjvm.so+0x5bc89f]
V  [libjvm.so+0x5bc077]
V  [libjvm.so+0x8d5634]
V  [libjvm.so+0xa7da79]
V  [libjvm.so+0xa7dd12]
V  [libjvm.so+0x61cd85]
V  [libjvm.so+0xa6098e]
V  [libjvm.so+0x6976e5]  JNI_CreateJavaVM+0x65
C  [libjli.so+0x3057]
C  [libjli.so+0x83a9]
C  [libjli.so+0x4b72]
C  [libjli.so+0x57f2]  JLI_Launch+0xaf2
C  [java+0x68c]
C  [libc.so.6+0x21c05]  __libc_start_main+0xf5


---------------  P R O C E S S  ---------------

Java Threads: ( => current thread )

Other Threads:

=>0x0000000001842ef0 (exited) JavaThread "Unknown thread" [_thread_in_vm, id=15271, stack(0x00007ffef1b04000,0x00007ffef1c04000)]

VM state:not at safepoint (not fully initialized)

VM Mutex/Monitor currently owned by a thread: None

GC Heap History (0 events):
No events

Deoptimization events (0 events):
No events

Classes redefined (0 events):
No events

Internal exceptions (0 events):
No events

Events (0 events):
No events


Dynamic libraries:
00400000-00401000 r-xp 00000000 08:03 274124491                          /usr/lib/jvm/java-1.8.0-openjdk-1.8.0.161-0.b14.el7_4.x86_64/bin/java
00600000-00601000 r--p 00000000 08:03 274124491                          /usr/lib/jvm/java-1.8.0-openjdk-1.8.0.161-0.b14.el7_4.x86_64/bin/java
00601000-00602000 rw-p 00001000 08:03 274124491                          /usr/lib/jvm/java-1.8.0-openjdk-1.8.0.161-0.b14.el7_4.x86_64/bin/java
01835000-01877000 rw-p 00000000 00:00 0                                  [heap]
5cb200000-5e0100000 rw-p 00000000 00:00 0 
5e0100000-719100000 ---p 00000000 00:00 0 
719100000-723800000 rw-p 00000000 00:00 0 
723800000-7c0000000 ---p 00000000 00:00 0 
7f1b420cf000-7f1b42177000 rw-p 00000000 00:00 0 
7f1b42177000-7f1b42b3f000 ---p 00000000 00:00 0 
7f1b42b3f000-7f1b42be7000 rw-p 00000000 00:00 0 
7f1b42be7000-7f1b435ae000 ---p 00000000 00:00 0 
7f1b435ae000-7f1b43602000 rw-p 00000000 00:00 0 
7f1b43602000-7f1b43ae6000 ---p 00000000 00:00 0 
7f1b43ae6000-7f1b43af1000 rw-p 00000000 00:00 0 
7f1b43af1000-7f1b43ea7000 ---p 00000000 00:00 0 
7f1b43ea7000-7f1b44117000 rwxp 00000000 00:00 0 
7f1b44117000-7f1b52ea7000 ---p 00000000 00:00 0 
7f1b52ea7000-7f1b52eaf000 r-xp 00000000 08:03 2806859                    /usr/lib/jvm/java-1.8.0-openjdk-1.8.0.161-0.b14.el7_4.x86_64/jre/lib/amd64/libzip.so
7f1b52eaf000-7f1b530ae000 ---p 00008000 08:03 2806859                    /usr/lib/jvm/java-1.8.0-openjdk-1.8.0.161-0.b14.el7_4.x86_64/jre/lib/amd64/libzip.so
7f1b530ae000-7f1b530af000 r--p 00007000 08:03 2806859                    /usr/lib/jvm/java-1.8.0-openjdk-1.8.0.161-0.b14.el7_4.x86_64/jre/lib/amd64/libzip.so
7f1b530af000-7f1b530b0000 rw-p 00008000 08:03 2806859                    /usr/lib/jvm/java-1.8.0-openjdk-1.8.0.161-0.b14.el7_4.x86_64/jre/lib/amd64/libzip.so
7f1b530b0000-7f1b530bc000 r-xp 00000000 08:03 138803163                  /usr/lib64/libnss_ldap.so.2
7f1b530bc000-7f1b532bb000 ---p 0000c000 08:03 138803163                  /usr/lib64/libnss_ldap.so.2
7f1b532bb000-7f1b532bc000 r--p 0000b000 08:03 138803163                  /usr/lib64/libnss_ldap.so.2
7f1b532bc000-7f1b532bd000 rw-p 0000c000 08:03 138803163                  /usr/lib64/libnss_ldap.so.2
7f1b532bd000-7f1b532c9000 r-xp 00000000 08:03 134220073                  /usr/lib64/libnss_files-2.17.so
7f1b532c9000-7f1b534c8000 ---p 0000c000 08:03 134220073                  /usr/lib64/libnss_files-2.17.so
7f1b534c8000-7f1b534c9000 r--p 0000b000 08:03 134220073                  /usr/lib64/libnss_files-2.17.so
7f1b534c9000-7f1b534ca000 rw-p 0000c000 08:03 134220073                  /usr/lib64/libnss_files-2.17.so
7f1b534ca000-7f1b534d0000 rw-p 00000000 00:00 0 
7f1b534d0000-7f1b534fe000 r-xp 00000000 08:03 2806841                    /usr/lib/jvm/java-1.8.0-openjdk-1.8.0.161-0.b14.el7_4.x86_64/jre/lib/amd64/libjava.so
7f1b534fe000-7f1b536fd000 ---p 0002e000 08:03 2806841                    /usr/lib/jvm/java-1.8.0-openjdk-1.8.0.161-0.b14.el7_4.x86_64/jre/lib/amd64/libjava.so
7f1b536fd000-7f1b536fe000 r--p 0002d000 08:03 2806841                    /usr/lib/jvm/java-1.8.0-openjdk-1.8.0.161-0.b14.el7_4.x86_64/jre/lib/amd64/libjava.so
7f1b536fe000-7f1b53700000 rw-p 0002e000 08:03 2806841                    /usr/lib/jvm/java-1.8.0-openjdk-1.8.0.161-0.b14.el7_4.x86_64/jre/lib/amd64/libjava.so
7f1b53700000-7f1b5370d000 r-xp 00000000 08:03 2806858                    /usr/lib/jvm/java-1.8.0-openjdk-1.8.0.161-0.b14.el7_4.x86_64/jre/lib/amd64/libverify.so
7f1b5370d000-7f1b5390c000 ---p 0000d000 08:03 2806858                    /usr/lib/jvm/java-1.8.0-openjdk-1.8.0.161-0.b14.el7_4.x86_64/jre/lib/amd64/libverify.so
7f1b5390c000-7f1b5390e000 r--p 0000c000 08:03 2806858                    /usr/lib/jvm/java-1.8.0-openjdk-1.8.0.161-0.b14.el7_4.x86_64/jre/lib/amd64/libverify.so
7f1b5390e000-7f1b5390f000 rw-p 0000e000 08:03 2806858                    /usr/lib/jvm/java-1.8.0-openjdk-1.8.0.161-0.b14.el7_4.x86_64/jre/lib/amd64/libverify.so
7f1b5390f000-7f1b53916000 r-xp 00000000 08:03 134220089                  /usr/lib64/librt-2.17.so
7f1b53916000-7f1b53b15000 ---p 00007000 08:03 134220089                  /usr/lib64/librt-2.17.so
7f1b53b15000-7f1b53b16000 r--p 00006000 08:03 134220089                  /usr/lib64/librt-2.17.so
7f1b53b16000-7f1b53b17000 rw-p 00007000 08:03 134220089                  /usr/lib64/librt-2.17.so
7f1b53b17000-7f1b53b2c000 r-xp 00000000 08:03 134356925                  /usr/lib64/libgcc_s-4.8.5-20150702.so.1
7f1b53b2c000-7f1b53d2b000 ---p 00015000 08:03 134356925                  /usr/lib64/libgcc_s-4.8.5-20150702.so.1
7f1b53d2b000-7f1b53d2c000 r--p 00014000 08:03 134356925                  /usr/lib64/libgcc_s-4.8.5-20150702.so.1
7f1b53d2c000-7f1b53d2d000 rw-p 00015000 08:03 134356925                  /usr/lib64/libgcc_s-4.8.5-20150702.so.1
7f1b53d2d000-7f1b53e2e000 r-xp 00000000 08:03 142084766                  /usr/lib64/libm-2.17.so
7f1b53e2e000-7f1b5402d000 ---p 00101000 08:03 142084766                  /usr/lib64/libm-2.17.so
7f1b5402d000-7f1b5402e000 r--p 00100000 08:03 142084766                  /usr/lib64/libm-2.17.so
7f1b5402e000-7f1b5402f000 rw-p 00101000 08:03 142084766                  /usr/lib64/libm-2.17.so
7f1b5402f000-7f1b54118000 r-xp 00000000 08:03 134824737                  /usr/lib64/libstdc++.so.6.0.19
7f1b54118000-7f1b54318000 ---p 000e9000 08:03 134824737                  /usr/lib64/libstdc++.so.6.0.19
7f1b54318000-7f1b54320000 r--p 000e9000 08:03 134824737                  /usr/lib64/libstdc++.so.6.0.19
7f1b54320000-7f1b54322000 rw-p 000f1000 08:03 134824737                  /usr/lib64/libstdc++.so.6.0.19
7f1b54322000-7f1b54337000 rw-p 00000000 00:00 0 
7f1b54337000-7f1b54ffd000 r-xp 00000000 08:03 403402146                  /usr/lib/jvm/java-1.8.0-openjdk-1.8.0.161-0.b14.el7_4.x86_64/jre/lib/amd64/server/libjvm.so
7f1b54ffd000-7f1b551fc000 ---p 00cc6000 08:03 403402146                  /usr/lib/jvm/java-1.8.0-openjdk-1.8.0.161-0.b14.el7_4.x86_64/jre/lib/amd64/server/libjvm.so
7f1b551fc000-7f1b552a7000 r--p 00cc5000 08:03 403402146                  /usr/lib/jvm/java-1.8.0-openjdk-1.8.0.161-0.b14.el7_4.x86_64/jre/lib/amd64/server/libjvm.so
7f1b552a7000-7f1b552d0000 rw-p 00d70000 08:03 403402146                  /usr/lib/jvm/java-1.8.0-openjdk-1.8.0.161-0.b14.el7_4.x86_64/jre/lib/amd64/server/libjvm.so
7f1b552d0000-7f1b55303000 rw-p 00000000 00:00 0 
7f1b55303000-7f1b554bb000 r-xp 00000000 08:03 134220059                  /usr/lib64/libc-2.17.so
7f1b554bb000-7f1b556bb000 ---p 001b8000 08:03 134220059                  /usr/lib64/libc-2.17.so
7f1b556bb000-7f1b556bf000 r--p 001b8000 08:03 134220059                  /usr/lib64/libc-2.17.so
7f1b556bf000-7f1b556c1000 rw-p 001bc000 08:03 134220059                  /usr/lib64/libc-2.17.so
7f1b556c1000-7f1b556c6000 rw-p 00000000 00:00 0 
7f1b556c6000-7f1b556c8000 r-xp 00000000 08:03 142084764                  /usr/lib64/libdl-2.17.so
7f1b556c8000-7f1b558c8000 ---p 00002000 08:03 142084764                  /usr/lib64/libdl-2.17.so
7f1b558c8000-7f1b558c9000 r--p 00002000 08:03 142084764                  /usr/lib64/libdl-2.17.so
7f1b558c9000-7f1b558ca000 rw-p 00003000 08:03 142084764                  /usr/lib64/libdl-2.17.so
7f1b558ca000-7f1b558d8000 r-xp 00000000 08:03 403541295                  /usr/lib/jvm/java-1.8.0-openjdk-1.8.0.161-0.b14.el7_4.x86_64/lib/amd64/jli/libjli.so
7f1b558d8000-7f1b55ad7000 ---p 0000e000 08:03 403541295                  /usr/lib/jvm/java-1.8.0-openjdk-1.8.0.161-0.b14.el7_4.x86_64/lib/amd64/jli/libjli.so
7f1b55ad7000-7f1b55ad8000 r--p 0000d000 08:03 403541295                  /usr/lib/jvm/java-1.8.0-openjdk-1.8.0.161-0.b14.el7_4.x86_64/lib/amd64/jli/libjli.so
7f1b55ad8000-7f1b55ad9000 rw-p 0000e000 08:03 403541295                  /usr/lib/jvm/java-1.8.0-openjdk-1.8.0.161-0.b14.el7_4.x86_64/lib/amd64/jli/libjli.so
7f1b55ad9000-7f1b55aee000 r-xp 00000000 08:03 134220169                  /usr/lib64/libz.so.1.2.7
7f1b55aee000-7f1b55ced000 ---p 00015000 08:03 134220169                  /usr/lib64/libz.so.1.2.7
7f1b55ced000-7f1b55cee000 r--p 00014000 08:03 134220169                  /usr/lib64/libz.so.1.2.7
7f1b55cee000-7f1b55cef000 rw-p 00015000 08:03 134220169                  /usr/lib64/libz.so.1.2.7
7f1b55cef000-7f1b55d06000 r-xp 00000000 08:03 134220083                  /usr/lib64/libpthread-2.17.so
7f1b55d06000-7f1b55f05000 ---p 00017000 08:03 134220083                  /usr/lib64/libpthread-2.17.so
7f1b55f05000-7f1b55f06000 r--p 00016000 08:03 134220083                  /usr/lib64/libpthread-2.17.so
7f1b55f06000-7f1b55f07000 rw-p 00017000 08:03 134220083                  /usr/lib64/libpthread-2.17.so
7f1b55f07000-7f1b55f0b000 rw-p 00000000 00:00 0 
7f1b55f0b000-7f1b55f2c000 r-xp 00000000 08:03 142084750                  /usr/lib64/ld-2.17.so
7f1b56003000-7f1b56004000 ---p 00000000 00:00 0 
7f1b56004000-7f1b56109000 rw-p 00000000 00:00 0 
7f1b5611e000-7f1b56121000 rw-p 00000000 00:00 0 
7f1b56121000-7f1b56129000 rw-s 00000000 00:26 1741158                    /tmp/hsperfdata_kingsley/15271
7f1b56129000-7f1b5612a000 rw-p 00000000 00:00 0 
7f1b5612a000-7f1b5612b000 r--p 00000000 00:00 0 
7f1b5612b000-7f1b5612c000 rw-p 00000000 00:00 0 
7f1b5612c000-7f1b5612d000 r--p 00021000 08:03 142084750                  /usr/lib64/ld-2.17.so
7f1b5612d000-7f1b5612e000 rw-p 00022000 08:03 142084750                  /usr/lib64/ld-2.17.so
7f1b5612e000-7f1b5612f000 rw-p 00000000 00:00 0 
7ffef1b04000-7ffef1b07000 ---p 00000000 00:00 0 
7ffef1b07000-7ffef1c04000 rw-p 00000000 00:00 0                          [stack]
7ffef1c5b000-7ffef1c5d000 r-xp 00000000 00:00 0                          [vdso]
ffffffffff600000-ffffffffff601000 r-xp 00000000 00:00 0                  [vsyscall]

VM Arguments:
jvm_args: -Dfile.encoding=UTF-8 
java_command: cs5530.phase2driver
java_class_path (initial): /usr/lib/jvm/java-1.8.0-openjdk-1.8.0.161-0.b14.el7_4.x86_64/jre/lib/resources.jar:/usr/lib/jvm/java-1.8.0-openjdk-1.8.0.161-0.b14.el7_4.x86_64/jre/lib/rt.jar:/usr/lib/jvm/java-1.8.0-openjdk-1.8.0.161-0.b14.el7_4.x86_64/jre/lib/jsse.jar:/usr/lib/jvm/java-1.8.0-openjdk-1.8.0.161-0.b14.el7_4.x86_64/jre/lib/jce.jar:/usr/lib/jvm/java-1.8.0-openjdk-1.8.0.161-0.b14.el7_4.x86_64/jre/lib/charsets.jar:/usr/lib/jvm/java-1.8.0-openjdk-1.8.0.161-0.b14.el7_4.x86_64/jre/lib/ext/cldrdata.jar:/usr/lib/jvm/java-1.8.0-openjdk-1.8.0.161-0.b14.el7_4.x86_64/jre/lib/ext/dnsns.jar:/usr/lib/jvm/java-1.8.0-openjdk-1.8.0.161-0.b14.el7_4.x86_64/jre/lib/ext/jaccess.jar:/usr/lib/jvm/java-1.8.0-openjdk-1.8.0.161-0.b14.el7_4.x86_64/jre/lib/ext/localedata.jar:/usr/lib/jvm/java-1.8.0-openjdk-1.8.0.161-0.b14.el7_4.x86_64/jre/lib/ext/nashorn.jar:/usr/lib/jvm/java-1.8.0-openjdk-1.8.0.161-0.b14.el7_4.x86_64/jre/lib/ext/sunec.jar:/usr/lib/jvm/java-1.8.0-openjdk-1.8.0.161-0.b14.el7_4.x86_64/jre/lib/ext/sunjce_provider.jar:/usr/lib/jvm/java-1.8.0-openjdk-1.8.0.161-0.b14.el7_4.x86_64/jre/lib/ext/sunpkcs11.jar:/usr/lib/jvm/java-1.8.0-openjdk-1.8.0.161-0.b14.el7_4.x86_64/jre/lib/ext/zipfs.jar:/home/kingsley/git/DatabaseRepo/phase2projectjava/bin:/home/kingsley/git/DatabaseRepo/phase2projectjava/lib/mysql.jar:/home/kingsley/git/DatabaseRepo/phase2projectjava/lib/jsch-0.1.54.jar
Launcher Type: SUN_STANDARD

Environment Variables:
PATH=/home/kingsley/ffmpeg/bin:/usr/lib64/qt-3.3/bin:/usr/local/bin:/usr/bin:/bin:/usr/local/sbin:/usr/sbin
SHELL=/bin/tcsh
DISPLAY=:0
HOSTTYPE=x86_64-linux
OSTYPE=linux
MACHTYPE=x86_64

Signal Handlers:
SIGSEGV: [libjvm.so+0xab4fe0], sa_mask[0]=11111111011111111101111111111110, sa_flags=SA_RESTART|SA_SIGINFO
SIGBUS: [libjvm.so+0xab4fe0], sa_mask[0]=11111111011111111101111111111110, sa_flags=SA_RESTART|SA_SIGINFO
SIGFPE: [libjvm.so+0x8ac640], sa_mask[0]=11111111011111111101111111111110, sa_flags=SA_RESTART|SA_SIGINFO
SIGPIPE: [libjvm.so+0x8ac640], sa_mask[0]=11111111011111111101111111111110, sa_flags=SA_RESTART|SA_SIGINFO
SIGXFSZ: [libjvm.so+0x8ac640], sa_mask[0]=11111111011111111101111111111110, sa_flags=SA_RESTART|SA_SIGINFO
SIGILL: [libjvm.so+0x8ac640], sa_mask[0]=11111111011111111101111111111110, sa_flags=SA_RESTART|SA_SIGINFO
SIGUSR1: SIG_DFL, sa_mask[0]=00000000000000000000000000000000, sa_flags=none
SIGUSR2: [libjvm.so+0x8ac4f0], sa_mask[0]=00100000000000000000000000000000, sa_flags=SA_RESTART|SA_SIGINFO
SIGHUP: SIG_DFL, sa_mask[0]=00000000000000000000000000000000, sa_flags=none
SIGINT: SIG_DFL, sa_mask[0]=00000000000000000000000000000000, sa_flags=none
SIGTERM: SIG_DFL, sa_mask[0]=00000000000000000000000000000000, sa_flags=none
SIGQUIT: SIG_DFL, sa_mask[0]=00000000000000000000000000000000, sa_flags=none


---------------  S Y S T E M  ---------------

OS:Red Hat Enterprise Linux Server release 7.4 (Maipo)

uname:Linux 3.10.0-693.21.1.el7.x86_64 #1 SMP Fri Feb 23 18:54:16 UTC 2018 x86_64
libc:glibc 2.17 NPTL 2.17 
rlimit: STACK 8192k, CORE 0k, NPROC 500, NOFILE 4096, AS infinity
load average:0.28 0.26 0.20

/proc/meminfo:
MemTotal:       32819628 kB
MemFree:        25705948 kB
MemAvailable:   29278284 kB
Buffers:            4164 kB
Cached:          3373072 kB
SwapCached:            0 kB
Active:          4638368 kB
Inactive:        1175652 kB
Active(anon):    2437968 kB
Inactive(anon):   126316 kB
Active(file):    2200400 kB
Inactive(file):  1049336 kB
Unevictable:          48 kB
Mlocked:              48 kB
SwapTotal:             0 kB
SwapFree:              0 kB
Dirty:                88 kB
Writeback:             0 kB
AnonPages:       2437092 kB
Mapped:           385488 kB
Shmem:            127500 kB
Slab:             817340 kB
SReclaimable:     724456 kB
SUnreclaim:        92884 kB
KernelStack:       12272 kB
PageTables:        45916 kB
NFS_Unstable:          0 kB
Bounce:                0 kB
WritebackTmp:          0 kB
CommitLimit:    16409812 kB
Committed_AS:    8851096 kB
VmallocTotal:   34359738367 kB
VmallocUsed:      438428 kB
VmallocChunk:   34358947836 kB
HardwareCorrupted:     0 kB
AnonHugePages:    735232 kB
HugePages_Total:       0
HugePages_Free:        0
HugePages_Rsvd:        0
HugePages_Surp:        0
Hugepagesize:       2048 kB
DirectMap4k:     1560024 kB
DirectMap2M:    24526848 kB
DirectMap1G:     7340032 kB


CPU:total 8 (initial active 8) (4 cores per cpu, 2 threads per core) family 6 model 60 stepping 3, cmov, cx8, fxsr, mmx, sse, sse2, sse3, ssse3, sse4.1, sse4.2, popcnt, avx, avx2, aes, clmul, erms, lzcnt, ht, tsc, tscinvbit, bmi1, bmi2

/proc/cpuinfo:
processor	: 0
vendor_id	: GenuineIntel
cpu family	: 6
model		: 60
model name	: Intel(R) Core(TM) i7-4790 CPU @ 3.60GHz
stepping	: 3
microcode	: 0x22
cpu MHz		: 3869.156
cache size	: 8192 KB
physical id	: 0
siblings	: 8
core id		: 0
cpu cores	: 4
apicid		: 0
initial apicid	: 0
fpu		: yes
fpu_exception	: yes
cpuid level	: 13
wp		: yes
flags		: fpu vme de pse tsc msr pae mce cx8 apic sep mtrr pge mca cmov pat pse36 clflush dts acpi mmx fxsr sse sse2 ss ht tm pbe syscall nx pdpe1gb rdtscp lm constant_tsc arch_perfmon pebs bts rep_good nopl xtopology nonstop_tsc aperfmperf eagerfpu pni pclmulqdq dtes64 monitor ds_cpl vmx smx est tm2 ssse3 fma cx16 xtpr pdcm pcid sse4_1 sse4_2 x2apic movbe popcnt tsc_deadline_timer aes xsave avx f16c rdrand lahf_lm abm epb invpcid_single tpr_shadow vnmi flexpriority ept vpid fsgsbase tsc_adjust bmi1 avx2 smep bmi2 erms invpcid xsaveopt dtherm ida arat pln pts
bogomips	: 7183.89
clflush size	: 64
cache_alignment	: 64
address sizes	: 39 bits physical, 48 bits virtual
power management:

processor	: 1
vendor_id	: GenuineIntel
cpu family	: 6
model		: 60
model name	: Intel(R) Core(TM) i7-4790 CPU @ 3.60GHz
stepping	: 3
microcode	: 0x22
cpu MHz		: 3871.265
cache size	: 8192 KB
physical id	: 0
siblings	: 8
core id		: 1
cpu cores	: 4
apicid		: 2
initial apicid	: 2
fpu		: yes
fpu_exception	: yes
cpuid level	: 13
wp		: yes
flags		: fpu vme de pse tsc msr pae mce cx8 apic sep mtrr pge mca cmov pat pse36 clflush dts acpi mmx fxsr sse sse2 ss ht tm pbe syscall nx pdpe1gb rdtscp lm constant_tsc arch_perfmon pebs bts rep_good nopl xtopology nonstop_tsc aperfmperf eagerfpu pni pclmulqdq dtes64 monitor ds_cpl vmx smx est tm2 ssse3 fma cx16 xtpr pdcm pcid sse4_1 sse4_2 x2apic movbe popcnt tsc_deadline_timer aes xsave avx f16c rdrand lahf_lm abm epb invpcid_single tpr_shadow vnmi flexpriority ept vpid fsgsbase tsc_adjust bmi1 avx2 smep bmi2 erms invpcid xsaveopt dtherm ida arat pln pts
bogomips	: 7183.89
clflush size	: 64
cache_alignment	: 64
address sizes	: 39 bits physical, 48 bits virtual
power management:

processor	: 2
vendor_id	: GenuineIntel
cpu family	: 6
model		: 60
model name	: Intel(R) Core(TM) i7-4790 CPU @ 3.60GHz
stepping	: 3
microcode	: 0x22
cpu MHz		: 3904.312
cache size	: 8192 KB
physical id	: 0
siblings	: 8
core id		: 2
cpu cores	: 4
apicid		: 4
initial apicid	: 4
fpu		: yes
fpu_exception	: yes
cpuid level	: 13
wp		: yes
flags		: fpu vme de pse tsc msr pae mce cx8 apic sep mtrr pge mca cmov pat pse36 clflush dts acpi mmx fxsr sse sse2 ss ht tm pbe syscall nx pdpe1gb rdtscp lm constant_tsc arch_perfmon pebs bts rep_good nopl xtopology nonstop_tsc aperfmperf eagerfpu pni pclmulqdq dtes64 monitor ds_cpl vmx smx est tm2 ssse3 fma cx16 xtpr pdcm pcid sse4_1 sse4_2 x2apic movbe popcnt tsc_deadline_timer aes xsave avx f16c rdrand lahf_lm abm epb invpcid_single tpr_shadow vnmi flexpriority ept vpid fsgsbase tsc_adjust bmi1 avx2 smep bmi2 erms invpcid xsaveopt dtherm ida arat pln pts
bogomips	: 7183.89
clflush size	: 64
cache_alignment	: 64
address sizes	: 39 bits physical, 48 bits virtual
power management:

processor	: 3
vendor_id	: GenuineIntel
cpu family	: 6
model		: 60
model name	: Intel(R) Core(TM) i7-4790 CPU @ 3.60GHz
stepping	: 3
microcode	: 0x22
cpu MHz		: 3864.937
cache size	: 8192 KB
physical id	: 0
siblings	: 8
core id		: 3
cpu cores	: 4
apicid		: 6
initial apicid	: 6
fpu		: yes
fpu_exception	: yes
cpuid level	: 13
wp		: yes
flags		: fpu vme de pse tsc msr pae mce cx8 apic sep mtrr pge mca cmov pat pse36 clflush dts acpi mmx fxsr sse sse2 ss ht tm pbe syscall nx pdpe1gb rdtscp lm constant_tsc arch_perfmon pebs bts rep_good nopl xtopology nonstop_tsc aperfmperf eagerfpu pni pclmulqdq dtes64 monitor ds_cpl vmx smx est tm2 ssse3 fma cx16 xtpr pdcm pcid sse4_1 sse4_2 x2apic movbe popcnt tsc_deadline_timer aes xsave avx f16c rdrand lahf_lm abm epb invpcid_single tpr_shadow vnmi flexpriority ept vpid fsgsbase tsc_adjust bmi1 avx2 smep bmi2 erms invpcid xsaveopt dtherm ida arat pln pts
bogomips	: 7183.89
clflush size	: 64
cache_alignment	: 64
address sizes	: 39 bits physical, 48 bits virtual
power management:

processor	: 4
vendor_id	: GenuineIntel
cpu family	: 6
model		: 60
model name	: Intel(R) Core(TM) i7-4790 CPU @ 3.60GHz
stepping	: 3
microcode	: 0x22
cpu MHz		: 3931.734
cache size	: 8192 KB
physical id	: 0
siblings	: 8
core id		: 0
cpu cores	: 4
apicid		: 1
initial apicid	: 1
fpu		: yes
fpu_exception	: yes
cpuid level	: 13
wp		: yes
flags		: fpu vme de pse tsc msr pae mce cx8 apic sep mtrr pge mca cmov pat pse36 clflush dts acpi mmx fxsr sse sse2 ss ht tm pbe syscall nx pdpe1gb rdtscp lm constant_tsc arch_perfmon pebs bts rep_good nopl xtopology nonstop_tsc aperfmperf eagerfpu pni pclmulqdq dtes64 monitor ds_cpl vmx smx est tm2 ssse3 fma cx16 xtpr pdcm pcid sse4_1 sse4_2 x2apic movbe popcnt tsc_deadline_timer aes xsave avx f16c rdrand lahf_lm abm epb invpcid_single tpr_shadow vnmi flexpriority ept vpid fsgsbase tsc_adjust bmi1 avx2 smep bmi2 erms invpcid xsaveopt dtherm ida arat pln pts
bogomips	: 7183.89
clflush size	: 64
cache_alignment	: 64
address sizes	: 39 bits physical, 48 bits virtual
power management:

processor	: 5
vendor_id	: GenuineIntel
cpu family	: 6
model		: 60
model name	: Intel(R) Core(TM) i7-4790 CPU @ 3.60GHz
stepping	: 3
microcode	: 0x22
cpu MHz		: 3909.234
cache size	: 8192 KB
physical id	: 0
siblings	: 8
core id		: 1
cpu cores	: 4
apicid		: 3
initial apicid	: 3
fpu		: yes
fpu_exception	: yes
cpuid level	: 13
wp		: yes
flags		: fpu vme de pse tsc msr pae mce cx8 apic sep mtrr pge mca cmov pat pse36 clflush dts acpi mmx fxsr sse sse2 ss ht tm pbe syscall nx pdpe1gb rdtscp lm constant_tsc arch_perfmon pebs bts rep_good nopl xtopology nonstop_tsc aperfmperf eagerfpu pni pclmulqdq dtes64 monitor ds_cpl vmx smx est tm2 ssse3 fma cx16 xtpr pdcm pcid sse4_1 sse4_2 x2apic movbe popcnt tsc_deadline_timer aes xsave avx f16c rdrand lahf_lm abm epb invpcid_single tpr_shadow vnmi flexpriority ept vpid fsgsbase tsc_adjust bmi1 avx2 smep bmi2 erms invpcid xsaveopt dtherm ida arat pln pts
bogomips	: 7183.89
clflush size	: 64
cache_alignment	: 64
address sizes	: 39 bits physical, 48 bits virtual
power management:

processor	: 6
vendor_id	: GenuineIntel
cpu family	: 6
model		: 60
model name	: Intel(R) Core(TM) i7-4790 CPU @ 3.60GHz
stepping	: 3
microcode	: 0x22
cpu MHz		: 3833.718
cache size	: 8192 KB
physical id	: 0
siblings	: 8
core id		: 2
cpu cores	: 4
apicid		: 5
initial apicid	: 5
fpu		: yes
fpu_exception	: yes
cpuid level	: 13
wp		: yes
flags		: fpu vme de pse tsc msr pae mce cx8 apic sep mtrr pge mca cmov pat pse36 clflush dts acpi mmx fxsr sse sse2 ss ht tm pbe syscall nx pdpe1gb rdtscp lm constant_tsc arch_perfmon pebs bts rep_good nopl xtopology nonstop_tsc aperfmperf eagerfpu pni pclmulqdq dtes64 monitor ds_cpl vmx smx est tm2 ssse3 fma cx16 xtpr pdcm pcid sse4_1 sse4_2 x2apic movbe popcnt tsc_deadline_timer aes xsave avx f16c rdrand lahf_lm abm epb invpcid_single tpr_shadow vnmi flexpriority ept vpid fsgsbase tsc_adjust bmi1 avx2 smep bmi2 erms invpcid xsaveopt dtherm ida arat pln pts
bogomips	: 7183.89
clflush size	: 64
cache_alignment	: 64
address sizes	: 39 bits physical, 48 bits virtual
power management:

processor	: 7
vendor_id	: GenuineIntel
cpu family	: 6
model		: 60
model name	: Intel(R) Core(TM) i7-4790 CPU @ 3.60GHz
stepping	: 3
microcode	: 0x22
cpu MHz		: 3935.671
cache size	: 8192 KB
physical id	: 0
siblings	: 8
core id		: 3
cpu cores	: 4
apicid		: 7
initial apicid	: 7
fpu		: yes
fpu_exception	: yes
cpuid level	: 13
wp		: yes
flags		: fpu vme de pse tsc msr pae mce cx8 apic sep mtrr pge mca cmov pat pse36 clflush dts acpi mmx fxsr sse sse2 ss ht tm pbe syscall nx pdpe1gb rdtscp lm constant_tsc arch_perfmon pebs bts rep_good nopl xtopology nonstop_tsc aperfmperf eagerfpu pni pclmulqdq dtes64 monitor ds_cpl vmx smx est tm2 ssse3 fma cx16 xtpr pdcm pcid sse4_1 sse4_2 x2apic movbe popcnt tsc_deadline_timer aes xsave avx f16c rdrand lahf_lm abm epb invpcid_single tpr_shadow vnmi flexpriority ept vpid fsgsbase tsc_adjust bmi1 avx2 smep bmi2 erms invpcid xsaveopt dtherm ida arat pln pts
bogomips	: 7183.89
clflush size	: 64
cache_alignment	: 64
address sizes	: 39 bits physical, 48 bits virtual
power management:



Memory: 4k page, physical 32819628k(25705948k free), swap 0k(0k free)

vm_info: OpenJDK 64-Bit Server VM (25.161-b14) for linux-amd64 JRE (1.8.0_161-b14), built on Jan  9 2018 19:54:33 by "mockbuild" with gcc 4.8.5 20150623 (Red Hat 4.8.5-16)

time: Sat Mar 24 12:55:01 2018
elapsed time: 0 seconds (0d 0h 0m 0s)

