#
# There is insufficient memory for the Java Runtime Environment to continue.
# Cannot create GC thread. Out of system resources.
# Possible reasons:
#   The system is out of physical RAM or swap space
#   In 32 bit mode, the process size limit was hit
# Possible solutions:
#   Reduce memory load on the system
#   Increase physical memory or swap space
#   Check if swap backing store is full
#   Use 64 bit Java on a 64 bit OS
#   Decrease Java heap size (-Xmx/-Xms)
#   Decrease number of Java threads
#   Decrease Java thread stack sizes (-Xss)
#   Set larger code cache with -XX:ReservedCodeCacheSize=
# This output file may be truncated or incomplete.
#
#  Out of Memory Error (gcTaskThread.cpp:48), pid=27875, tid=0x00007fb5a15c9700
#
# JRE version:  (8.0_161-b14) (build )
# Java VM: OpenJDK 64-Bit Server VM (25.161-b14 mixed mode linux-amd64 compressed oops)
# Failed to write core dump. Core dumps have been disabled. To enable core dumping, try "ulimit -c unlimited" before starting Java again
#

---------------  T H R E A D  ---------------

Current thread (0x00007fb59800a4e0):  JavaThread "Unknown thread" [_thread_in_vm, id=27880, stack(0x00007fb5a14c9000,0x00007fb5a15ca000)]

Stack: [0x00007fb5a14c9000,0x00007fb5a15ca000],  sp=0x00007fb5a15c8770,  free space=1021k
Native frames: (J=compiled Java code, j=interpreted, Vv=VM code, C=native code)
V  [libjvm.so+0xab44bd]
V  [libjvm.so+0x4ec94a]
V  [libjvm.so+0x5bc89f]
V  [libjvm.so+0x5bc077]
V  [libjvm.so+0x8d5634]
V  [libjvm.so+0xa7da79]
V  [libjvm.so+0xa7dd12]
V  [libjvm.so+0x61cd85]
V  [libjvm.so+0xa6098e]
V  [libjvm.so+0x6976e5]  JNI_CreateJavaVM+0x65
C  [libjli.so+0x3057]
C  [libpthread.so.0+0x7e25]  start_thread+0xc5


---------------  P R O C E S S  ---------------

Java Threads: ( => current thread )

Other Threads:

=>0x00007fb59800a4e0 (exited) JavaThread "Unknown thread" [_thread_in_vm, id=27880, stack(0x00007fb5a14c9000,0x00007fb5a15ca000)]

VM state:not at safepoint (not fully initialized)

VM Mutex/Monitor currently owned by a thread: None

GC Heap History (0 events):
No events

Deoptimization events (0 events):
No events

Classes redefined (0 events):
No events

Internal exceptions (0 events):
No events

Events (0 events):
No events


Dynamic libraries:
00400000-00401000 r-xp 00000000 08:03 273507495                          /usr/lib/jvm/java-1.8.0-openjdk-1.8.0.161-0.b14.el7_4.x86_64/bin/java
00600000-00601000 r--p 00000000 08:03 273507495                          /usr/lib/jvm/java-1.8.0-openjdk-1.8.0.161-0.b14.el7_4.x86_64/bin/java
00601000-00602000 rw-p 00001000 08:03 273507495                          /usr/lib/jvm/java-1.8.0-openjdk-1.8.0.161-0.b14.el7_4.x86_64/bin/java
01a77000-01a98000 rw-p 00000000 00:00 0                                  [heap]
5cb200000-5e0100000 rw-p 00000000 00:00 0 
5e0100000-719100000 ---p 00000000 00:00 0 
719100000-723800000 rw-p 00000000 00:00 0 
723800000-7c0000000 ---p 00000000 00:00 0 
7fb589000000-7fb589270000 rwxp 00000000 00:00 0 
7fb589270000-7fb598000000 ---p 00000000 00:00 0 
7fb598000000-7fb598035000 rw-p 00000000 00:00 0 
7fb598035000-7fb59c000000 ---p 00000000 00:00 0 
7fb59c494000-7fb59c495000 ---p 00000000 00:00 0 
7fb59c495000-7fb59c63d000 rw-p 00000000 00:00 0 
7fb59c63d000-7fb59d005000 ---p 00000000 00:00 0 
7fb59d005000-7fb59d0ad000 rw-p 00000000 00:00 0 
7fb59d0ad000-7fb59da74000 ---p 00000000 00:00 0 
7fb59da74000-7fb59dac8000 rw-p 00000000 00:00 0 
7fb59dac8000-7fb59dfac000 ---p 00000000 00:00 0 
7fb59dfac000-7fb59dfb7000 rw-p 00000000 00:00 0 
7fb59dfb7000-7fb59e36d000 ---p 00000000 00:00 0 
7fb59e36d000-7fb59e375000 r-xp 00000000 08:03 1778332                    /usr/lib/jvm/java-1.8.0-openjdk-1.8.0.161-0.b14.el7_4.x86_64/jre/lib/amd64/libzip.so
7fb59e375000-7fb59e574000 ---p 00008000 08:03 1778332                    /usr/lib/jvm/java-1.8.0-openjdk-1.8.0.161-0.b14.el7_4.x86_64/jre/lib/amd64/libzip.so
7fb59e574000-7fb59e575000 r--p 00007000 08:03 1778332                    /usr/lib/jvm/java-1.8.0-openjdk-1.8.0.161-0.b14.el7_4.x86_64/jre/lib/amd64/libzip.so
7fb59e575000-7fb59e576000 rw-p 00008000 08:03 1778332                    /usr/lib/jvm/java-1.8.0-openjdk-1.8.0.161-0.b14.el7_4.x86_64/jre/lib/amd64/libzip.so
7fb59e576000-7fb59e582000 r-xp 00000000 08:03 138848188                  /usr/lib64/libnss_ldap.so.2
7fb59e582000-7fb59e781000 ---p 0000c000 08:03 138848188                  /usr/lib64/libnss_ldap.so.2
7fb59e781000-7fb59e782000 r--p 0000b000 08:03 138848188                  /usr/lib64/libnss_ldap.so.2
7fb59e782000-7fb59e783000 rw-p 0000c000 08:03 138848188                  /usr/lib64/libnss_ldap.so.2
7fb59e783000-7fb59e78f000 r-xp 00000000 08:03 134220077                  /usr/lib64/libnss_files-2.17.so
7fb59e78f000-7fb59e98e000 ---p 0000c000 08:03 134220077                  /usr/lib64/libnss_files-2.17.so
7fb59e98e000-7fb59e98f000 r--p 0000b000 08:03 134220077                  /usr/lib64/libnss_files-2.17.so
7fb59e98f000-7fb59e990000 rw-p 0000c000 08:03 134220077                  /usr/lib64/libnss_files-2.17.so
7fb59e990000-7fb59e996000 rw-p 00000000 00:00 0 
7fb59e996000-7fb59e9c4000 r-xp 00000000 08:03 1778314                    /usr/lib/jvm/java-1.8.0-openjdk-1.8.0.161-0.b14.el7_4.x86_64/jre/lib/amd64/libjava.so
7fb59e9c4000-7fb59ebc3000 ---p 0002e000 08:03 1778314                    /usr/lib/jvm/java-1.8.0-openjdk-1.8.0.161-0.b14.el7_4.x86_64/jre/lib/amd64/libjava.so
7fb59ebc3000-7fb59ebc4000 r--p 0002d000 08:03 1778314                    /usr/lib/jvm/java-1.8.0-openjdk-1.8.0.161-0.b14.el7_4.x86_64/jre/lib/amd64/libjava.so
7fb59ebc4000-7fb59ebc6000 rw-p 0002e000 08:03 1778314                    /usr/lib/jvm/java-1.8.0-openjdk-1.8.0.161-0.b14.el7_4.x86_64/jre/lib/amd64/libjava.so
7fb59ebc6000-7fb59ebd3000 r-xp 00000000 08:03 1778331                    /usr/lib/jvm/java-1.8.0-openjdk-1.8.0.161-0.b14.el7_4.x86_64/jre/lib/amd64/libverify.so
7fb59ebd3000-7fb59edd2000 ---p 0000d000 08:03 1778331                    /usr/lib/jvm/java-1.8.0-openjdk-1.8.0.161-0.b14.el7_4.x86_64/jre/lib/amd64/libverify.so
7fb59edd2000-7fb59edd4000 r--p 0000c000 08:03 1778331                    /usr/lib/jvm/java-1.8.0-openjdk-1.8.0.161-0.b14.el7_4.x86_64/jre/lib/amd64/libverify.so
7fb59edd4000-7fb59edd5000 rw-p 0000e000 08:03 1778331                    /usr/lib/jvm/java-1.8.0-openjdk-1.8.0.161-0.b14.el7_4.x86_64/jre/lib/amd64/libverify.so
7fb59edd5000-7fb59eddc000 r-xp 00000000 08:03 134220089                  /usr/lib64/librt-2.17.so
7fb59eddc000-7fb59efdb000 ---p 00007000 08:03 134220089                  /usr/lib64/librt-2.17.so
7fb59efdb000-7fb59efdc000 r--p 00006000 08:03 134220089                  /usr/lib64/librt-2.17.so
7fb59efdc000-7fb59efdd000 rw-p 00007000 08:03 134220089                  /usr/lib64/librt-2.17.so
7fb59efdd000-7fb59eff2000 r-xp 00000000 08:03 135026640                  /usr/lib64/libgcc_s-4.8.5-20150702.so.1
7fb59eff2000-7fb59f1f1000 ---p 00015000 08:03 135026640                  /usr/lib64/libgcc_s-4.8.5-20150702.so.1
7fb59f1f1000-7fb59f1f2000 r--p 00014000 08:03 135026640                  /usr/lib64/libgcc_s-4.8.5-20150702.so.1
7fb59f1f2000-7fb59f1f3000 rw-p 00015000 08:03 135026640                  /usr/lib64/libgcc_s-4.8.5-20150702.so.1
7fb59f1f3000-7fb59f2f4000 r-xp 00000000 08:03 134220067                  /usr/lib64/libm-2.17.so
7fb59f2f4000-7fb59f4f3000 ---p 00101000 08:03 134220067                  /usr/lib64/libm-2.17.so
7fb59f4f3000-7fb59f4f4000 r--p 00100000 08:03 134220067                  /usr/lib64/libm-2.17.so
7fb59f4f4000-7fb59f4f5000 rw-p 00101000 08:03 134220067                  /usr/lib64/libm-2.17.so
7fb59f4f5000-7fb59f5de000 r-xp 00000000 08:03 134219110                  /usr/lib64/libstdc++.so.6.0.19
7fb59f5de000-7fb59f7de000 ---p 000e9000 08:03 134219110                  /usr/lib64/libstdc++.so.6.0.19
7fb59f7de000-7fb59f7e6000 r--p 000e9000 08:03 134219110                  /usr/lib64/libstdc++.so.6.0.19
7fb59f7e6000-7fb59f7e8000 rw-p 000f1000 08:03 134219110                  /usr/lib64/libstdc++.so.6.0.19
7fb59f7e8000-7fb59f7fd000 rw-p 00000000 00:00 0 
7fb59f7fd000-7fb5a04c3000 r-xp 00000000 08:03 403203710                  /usr/lib/jvm/java-1.8.0-openjdk-1.8.0.161-0.b14.el7_4.x86_64/jre/lib/amd64/server/libjvm.so
7fb5a04c3000-7fb5a06c2000 ---p 00cc6000 08:03 403203710                  /usr/lib/jvm/java-1.8.0-openjdk-1.8.0.161-0.b14.el7_4.x86_64/jre/lib/amd64/server/libjvm.so
7fb5a06c2000-7fb5a076d000 r--p 00cc5000 08:03 403203710                  /usr/lib/jvm/java-1.8.0-openjdk-1.8.0.161-0.b14.el7_4.x86_64/jre/lib/amd64/server/libjvm.so
7fb5a076d000-7fb5a0796000 rw-p 00d70000 08:03 403203710                  /usr/lib/jvm/java-1.8.0-openjdk-1.8.0.161-0.b14.el7_4.x86_64/jre/lib/amd64/server/libjvm.so
7fb5a0796000-7fb5a07c9000 rw-p 00000000 00:00 0 
7fb5a07c9000-7fb5a0981000 r-xp 00000000 08:03 134220059                  /usr/lib64/libc-2.17.so
7fb5a0981000-7fb5a0b81000 ---p 001b8000 08:03 134220059                  /usr/lib64/libc-2.17.so
7fb5a0b81000-7fb5a0b85000 r--p 001b8000 08:03 134220059                  /usr/lib64/libc-2.17.so
7fb5a0b85000-7fb5a0b87000 rw-p 001bc000 08:03 134220059                  /usr/lib64/libc-2.17.so
7fb5a0b87000-7fb5a0b8c000 rw-p 00000000 00:00 0 
7fb5a0b8c000-7fb5a0b8e000 r-xp 00000000 08:03 134220065                  /usr/lib64/libdl-2.17.so
7fb5a0b8e000-7fb5a0d8e000 ---p 00002000 08:03 134220065                  /usr/lib64/libdl-2.17.so
7fb5a0d8e000-7fb5a0d8f000 r--p 00002000 08:03 134220065                  /usr/lib64/libdl-2.17.so
7fb5a0d8f000-7fb5a0d90000 rw-p 00003000 08:03 134220065                  /usr/lib64/libdl-2.17.so
7fb5a0d90000-7fb5a0d9e000 r-xp 00000000 08:03 405170487                  /usr/lib/jvm/java-1.8.0-openjdk-1.8.0.161-0.b14.el7_4.x86_64/lib/amd64/jli/libjli.so
7fb5a0d9e000-7fb5a0f9d000 ---p 0000e000 08:03 405170487                  /usr/lib/jvm/java-1.8.0-openjdk-1.8.0.161-0.b14.el7_4.x86_64/lib/amd64/jli/libjli.so
7fb5a0f9d000-7fb5a0f9e000 r--p 0000d000 08:03 405170487                  /usr/lib/jvm/java-1.8.0-openjdk-1.8.0.161-0.b14.el7_4.x86_64/lib/amd64/jli/libjli.so
7fb5a0f9e000-7fb5a0f9f000 rw-p 0000e000 08:03 405170487                  /usr/lib/jvm/java-1.8.0-openjdk-1.8.0.161-0.b14.el7_4.x86_64/lib/amd64/jli/libjli.so
7fb5a0f9f000-7fb5a0fb4000 r-xp 00000000 08:03 134220169                  /usr/lib64/libz.so.1.2.7
7fb5a0fb4000-7fb5a11b3000 ---p 00015000 08:03 134220169                  /usr/lib64/libz.so.1.2.7
7fb5a11b3000-7fb5a11b4000 r--p 00014000 08:03 134220169                  /usr/lib64/libz.so.1.2.7
7fb5a11b4000-7fb5a11b5000 rw-p 00015000 08:03 134220169                  /usr/lib64/libz.so.1.2.7
7fb5a11b5000-7fb5a11cc000 r-xp 00000000 08:03 134220085                  /usr/lib64/libpthread-2.17.so
7fb5a11cc000-7fb5a13cb000 ---p 00017000 08:03 134220085                  /usr/lib64/libpthread-2.17.so
7fb5a13cb000-7fb5a13cc000 r--p 00016000 08:03 134220085                  /usr/lib64/libpthread-2.17.so
7fb5a13cc000-7fb5a13cd000 rw-p 00017000 08:03 134220085                  /usr/lib64/libpthread-2.17.so
7fb5a13cd000-7fb5a13d1000 rw-p 00000000 00:00 0 
7fb5a13d1000-7fb5a13f2000 r-xp 00000000 08:03 135042656                  /usr/lib64/ld-2.17.so
7fb5a14c9000-7fb5a14cc000 ---p 00000000 00:00 0 
7fb5a14cc000-7fb5a15cf000 rw-p 00000000 00:00 0 
7fb5a15e4000-7fb5a15e7000 rw-p 00000000 00:00 0 
7fb5a15e7000-7fb5a15ef000 rw-s 00000000 00:26 31836077                   /tmp/hsperfdata_kingsley/27875
7fb5a15ef000-7fb5a15f0000 rw-p 00000000 00:00 0 
7fb5a15f0000-7fb5a15f1000 r--p 00000000 00:00 0 
7fb5a15f1000-7fb5a15f2000 rw-p 00000000 00:00 0 
7fb5a15f2000-7fb5a15f3000 r--p 00021000 08:03 135042656                  /usr/lib64/ld-2.17.so
7fb5a15f3000-7fb5a15f4000 rw-p 00022000 08:03 135042656                  /usr/lib64/ld-2.17.so
7fb5a15f4000-7fb5a15f5000 rw-p 00000000 00:00 0 
7ffe0aae1000-7ffe0ab02000 rw-p 00000000 00:00 0                          [stack]
7ffe0ab1c000-7ffe0ab1e000 r-xp 00000000 00:00 0                          [vdso]
ffffffffff600000-ffffffffff601000 r-xp 00000000 00:00 0                  [vsyscall]

VM Arguments:
jvm_args: -Dfile.encoding=UTF-8 
java_command: cs5530.phase2driver
java_class_path (initial): /usr/lib/jvm/java-1.8.0-openjdk-1.8.0.161-0.b14.el7_4.x86_64/jre/lib/resources.jar:/usr/lib/jvm/java-1.8.0-openjdk-1.8.0.161-0.b14.el7_4.x86_64/jre/lib/rt.jar:/usr/lib/jvm/java-1.8.0-openjdk-1.8.0.161-0.b14.el7_4.x86_64/jre/lib/jsse.jar:/usr/lib/jvm/java-1.8.0-openjdk-1.8.0.161-0.b14.el7_4.x86_64/jre/lib/jce.jar:/usr/lib/jvm/java-1.8.0-openjdk-1.8.0.161-0.b14.el7_4.x86_64/jre/lib/charsets.jar:/usr/lib/jvm/java-1.8.0-openjdk-1.8.0.161-0.b14.el7_4.x86_64/jre/lib/ext/cldrdata.jar:/usr/lib/jvm/java-1.8.0-openjdk-1.8.0.161-0.b14.el7_4.x86_64/jre/lib/ext/dnsns.jar:/usr/lib/jvm/java-1.8.0-openjdk-1.8.0.161-0.b14.el7_4.x86_64/jre/lib/ext/jaccess.jar:/usr/lib/jvm/java-1.8.0-openjdk-1.8.0.161-0.b14.el7_4.x86_64/jre/lib/ext/localedata.jar:/usr/lib/jvm/java-1.8.0-openjdk-1.8.0.161-0.b14.el7_4.x86_64/jre/lib/ext/nashorn.jar:/usr/lib/jvm/java-1.8.0-openjdk-1.8.0.161-0.b14.el7_4.x86_64/jre/lib/ext/sunec.jar:/usr/lib/jvm/java-1.8.0-openjdk-1.8.0.161-0.b14.el7_4.x86_64/jre/lib/ext/sunjce_provider.jar:/usr/lib/jvm/java-1.8.0-openjdk-1.8.0.161-0.b14.el7_4.x86_64/jre/lib/ext/sunpkcs11.jar:/usr/lib/jvm/java-1.8.0-openjdk-1.8.0.161-0.b14.el7_4.x86_64/jre/lib/ext/zipfs.jar:/home/kingsley/git/DatabaseRepo/phase2projectjava/bin:/home/kingsley/git/DatabaseRepo/phase2projectjava/lib/mysql.jar:/home/kingsley/git/DatabaseRepo/phase2projectjava/lib/jsch-0.1.54.jar
Launcher Type: SUN_STANDARD

Environment Variables:
PATH=/home/kingsley/ffmpeg/bin:/usr/lib64/qt-3.3/bin:/usr/local/bin:/usr/bin:/bin:/usr/local/sbin:/usr/sbin
SHELL=/bin/tcsh
DISPLAY=:1
HOSTTYPE=x86_64-linux
OSTYPE=linux
MACHTYPE=x86_64

Signal Handlers:
SIGSEGV: [libjvm.so+0xab4fe0], sa_mask[0]=11111111011111111101111111111110, sa_flags=SA_RESTART|SA_SIGINFO
SIGBUS: [libjvm.so+0xab4fe0], sa_mask[0]=11111111011111111101111111111110, sa_flags=SA_RESTART|SA_SIGINFO
SIGFPE: [libjvm.so+0x8ac640], sa_mask[0]=11111111011111111101111111111110, sa_flags=SA_RESTART|SA_SIGINFO
SIGPIPE: [libjvm.so+0x8ac640], sa_mask[0]=11111111011111111101111111111110, sa_flags=SA_RESTART|SA_SIGINFO
SIGXFSZ: [libjvm.so+0x8ac640], sa_mask[0]=11111111011111111101111111111110, sa_flags=SA_RESTART|SA_SIGINFO
SIGILL: [libjvm.so+0x8ac640], sa_mask[0]=11111111011111111101111111111110, sa_flags=SA_RESTART|SA_SIGINFO
SIGUSR1: SIG_DFL, sa_mask[0]=00000000000000000000000000000000, sa_flags=none
SIGUSR2: [libjvm.so+0x8ac4f0], sa_mask[0]=00100000000000000000000000000000, sa_flags=SA_RESTART|SA_SIGINFO
SIGHUP: SIG_DFL, sa_mask[0]=00000000000000000000000000000000, sa_flags=none
SIGINT: SIG_DFL, sa_mask[0]=00000000000000000000000000000000, sa_flags=none
SIGTERM: SIG_DFL, sa_mask[0]=00000000000000000000000000000000, sa_flags=none
SIGQUIT: SIG_DFL, sa_mask[0]=00000000000000000000000000000000, sa_flags=none


---------------  S Y S T E M  ---------------

OS:Red Hat Enterprise Linux Server release 7.4 (Maipo)

uname:Linux 3.10.0-693.21.1.el7.x86_64 #1 SMP Fri Feb 23 18:54:16 UTC 2018 x86_64
libc:glibc 2.17 NPTL 2.17 
rlimit: STACK 8192k, CORE 0k, NPROC 500, NOFILE 4096, AS infinity
load average:0.07 0.18 0.26

/proc/meminfo:
MemTotal:       32819632 kB
MemFree:          277596 kB
MemAvailable:   25747524 kB
Buffers:            3196 kB
Cached:         15035600 kB
SwapCached:            0 kB
Active:         16166888 kB
Inactive:        3601844 kB
Active(anon):    4798024 kB
Inactive(anon):   479112 kB
Active(file):   11368864 kB
Inactive(file):  3122732 kB
Unevictable:        1832 kB
Mlocked:            1832 kB
SwapTotal:             0 kB
SwapFree:              0 kB
Dirty:               400 kB
Writeback:             0 kB
AnonPages:       4731744 kB
Mapped:           761852 kB
Shmem:            547184 kB
Slab:           12151632 kB
SReclaimable:   11380188 kB
SUnreclaim:       771444 kB
KernelStack:       22528 kB
PageTables:       102928 kB
NFS_Unstable:          0 kB
Bounce:                0 kB
WritebackTmp:          0 kB
CommitLimit:    16409816 kB
Committed_AS:   16021304 kB
VmallocTotal:   34359738367 kB
VmallocUsed:      438388 kB
VmallocChunk:   34358947836 kB
HardwareCorrupted:     0 kB
AnonHugePages:    219136 kB
HugePages_Total:       0
HugePages_Free:        0
HugePages_Rsvd:        0
HugePages_Surp:        0
Hugepagesize:       2048 kB
DirectMap4k:     4771288 kB
DirectMap2M:    26558464 kB
DirectMap1G:     2097152 kB


CPU:total 8 (initial active 8) (4 cores per cpu, 2 threads per core) family 6 model 60 stepping 3, cmov, cx8, fxsr, mmx, sse, sse2, sse3, ssse3, sse4.1, sse4.2, popcnt, avx, avx2, aes, clmul, erms, lzcnt, ht, tsc, tscinvbit, bmi1, bmi2

/proc/cpuinfo:
processor	: 0
vendor_id	: GenuineIntel
cpu family	: 6
model		: 60
model name	: Intel(R) Core(TM) i7-4790 CPU @ 3.60GHz
stepping	: 3
microcode	: 0x22
cpu MHz		: 3863.812
cache size	: 8192 KB
physical id	: 0
siblings	: 8
core id		: 0
cpu cores	: 4
apicid		: 0
initial apicid	: 0
fpu		: yes
fpu_exception	: yes
cpuid level	: 13
wp		: yes
flags		: fpu vme de pse tsc msr pae mce cx8 apic sep mtrr pge mca cmov pat pse36 clflush dts acpi mmx fxsr sse sse2 ss ht tm pbe syscall nx pdpe1gb rdtscp lm constant_tsc arch_perfmon pebs bts rep_good nopl xtopology nonstop_tsc aperfmperf eagerfpu pni pclmulqdq dtes64 monitor ds_cpl vmx smx est tm2 ssse3 fma cx16 xtpr pdcm pcid sse4_1 sse4_2 x2apic movbe popcnt tsc_deadline_timer aes xsave avx f16c rdrand lahf_lm abm epb invpcid_single tpr_shadow vnmi flexpriority ept vpid fsgsbase tsc_adjust bmi1 avx2 smep bmi2 erms invpcid xsaveopt dtherm ida arat pln pts
bogomips	: 7184.03
clflush size	: 64
cache_alignment	: 64
address sizes	: 39 bits physical, 48 bits virtual
power management:

processor	: 1
vendor_id	: GenuineIntel
cpu family	: 6
model		: 60
model name	: Intel(R) Core(TM) i7-4790 CPU @ 3.60GHz
stepping	: 3
microcode	: 0x22
cpu MHz		: 3948.750
cache size	: 8192 KB
physical id	: 0
siblings	: 8
core id		: 1
cpu cores	: 4
apicid		: 2
initial apicid	: 2
fpu		: yes
fpu_exception	: yes
cpuid level	: 13
wp		: yes
flags		: fpu vme de pse tsc msr pae mce cx8 apic sep mtrr pge mca cmov pat pse36 clflush dts acpi mmx fxsr sse sse2 ss ht tm pbe syscall nx pdpe1gb rdtscp lm constant_tsc arch_perfmon pebs bts rep_good nopl xtopology nonstop_tsc aperfmperf eagerfpu pni pclmulqdq dtes64 monitor ds_cpl vmx smx est tm2 ssse3 fma cx16 xtpr pdcm pcid sse4_1 sse4_2 x2apic movbe popcnt tsc_deadline_timer aes xsave avx f16c rdrand lahf_lm abm epb invpcid_single tpr_shadow vnmi flexpriority ept vpid fsgsbase tsc_adjust bmi1 avx2 smep bmi2 erms invpcid xsaveopt dtherm ida arat pln pts
bogomips	: 7184.03
clflush size	: 64
cache_alignment	: 64
address sizes	: 39 bits physical, 48 bits virtual
power management:

processor	: 2
vendor_id	: GenuineIntel
cpu family	: 6
model		: 60
model name	: Intel(R) Core(TM) i7-4790 CPU @ 3.60GHz
stepping	: 3
microcode	: 0x22
cpu MHz		: 3805.453
cache size	: 8192 KB
physical id	: 0
siblings	: 8
core id		: 2
cpu cores	: 4
apicid		: 4
initial apicid	: 4
fpu		: yes
fpu_exception	: yes
cpuid level	: 13
wp		: yes
flags		: fpu vme de pse tsc msr pae mce cx8 apic sep mtrr pge mca cmov pat pse36 clflush dts acpi mmx fxsr sse sse2 ss ht tm pbe syscall nx pdpe1gb rdtscp lm constant_tsc arch_perfmon pebs bts rep_good nopl xtopology nonstop_tsc aperfmperf eagerfpu pni pclmulqdq dtes64 monitor ds_cpl vmx smx est tm2 ssse3 fma cx16 xtpr pdcm pcid sse4_1 sse4_2 x2apic movbe popcnt tsc_deadline_timer aes xsave avx f16c rdrand lahf_lm abm epb invpcid_single tpr_shadow vnmi flexpriority ept vpid fsgsbase tsc_adjust bmi1 avx2 smep bmi2 erms invpcid xsaveopt dtherm ida arat pln pts
bogomips	: 7184.03
clflush size	: 64
cache_alignment	: 64
address sizes	: 39 bits physical, 48 bits virtual
power management:

processor	: 3
vendor_id	: GenuineIntel
cpu family	: 6
model		: 60
model name	: Intel(R) Core(TM) i7-4790 CPU @ 3.60GHz
stepping	: 3
microcode	: 0x22
cpu MHz		: 3891.375
cache size	: 8192 KB
physical id	: 0
siblings	: 8
core id		: 3
cpu cores	: 4
apicid		: 6
initial apicid	: 6
fpu		: yes
fpu_exception	: yes
cpuid level	: 13
wp		: yes
flags		: fpu vme de pse tsc msr pae mce cx8 apic sep mtrr pge mca cmov pat pse36 clflush dts acpi mmx fxsr sse sse2 ss ht tm pbe syscall nx pdpe1gb rdtscp lm constant_tsc arch_perfmon pebs bts rep_good nopl xtopology nonstop_tsc aperfmperf eagerfpu pni pclmulqdq dtes64 monitor ds_cpl vmx smx est tm2 ssse3 fma cx16 xtpr pdcm pcid sse4_1 sse4_2 x2apic movbe popcnt tsc_deadline_timer aes xsave avx f16c rdrand lahf_lm abm epb invpcid_single tpr_shadow vnmi flexpriority ept vpid fsgsbase tsc_adjust bmi1 avx2 smep bmi2 erms invpcid xsaveopt dtherm ida arat pln pts
bogomips	: 7184.03
clflush size	: 64
cache_alignment	: 64
address sizes	: 39 bits physical, 48 bits virtual
power management:

processor	: 4
vendor_id	: GenuineIntel
cpu family	: 6
model		: 60
model name	: Intel(R) Core(TM) i7-4790 CPU @ 3.60GHz
stepping	: 3
microcode	: 0x22
cpu MHz		: 3751.734
cache size	: 8192 KB
physical id	: 0
siblings	: 8
core id		: 0
cpu cores	: 4
apicid		: 1
initial apicid	: 1
fpu		: yes
fpu_exception	: yes
cpuid level	: 13
wp		: yes
flags		: fpu vme de pse tsc msr pae mce cx8 apic sep mtrr pge mca cmov pat pse36 clflush dts acpi mmx fxsr sse sse2 ss ht tm pbe syscall nx pdpe1gb rdtscp lm constant_tsc arch_perfmon pebs bts rep_good nopl xtopology nonstop_tsc aperfmperf eagerfpu pni pclmulqdq dtes64 monitor ds_cpl vmx smx est tm2 ssse3 fma cx16 xtpr pdcm pcid sse4_1 sse4_2 x2apic movbe popcnt tsc_deadline_timer aes xsave avx f16c rdrand lahf_lm abm epb invpcid_single tpr_shadow vnmi flexpriority ept vpid fsgsbase tsc_adjust bmi1 avx2 smep bmi2 erms invpcid xsaveopt dtherm ida arat pln pts
bogomips	: 7184.03
clflush size	: 64
cache_alignment	: 64
address sizes	: 39 bits physical, 48 bits virtual
power management:

processor	: 5
vendor_id	: GenuineIntel
cpu family	: 6
model		: 60
model name	: Intel(R) Core(TM) i7-4790 CPU @ 3.60GHz
stepping	: 3
microcode	: 0x22
cpu MHz		: 3800.953
cache size	: 8192 KB
physical id	: 0
siblings	: 8
core id		: 1
cpu cores	: 4
apicid		: 3
initial apicid	: 3
fpu		: yes
fpu_exception	: yes
cpuid level	: 13
wp		: yes
flags		: fpu vme de pse tsc msr pae mce cx8 apic sep mtrr pge mca cmov pat pse36 clflush dts acpi mmx fxsr sse sse2 ss ht tm pbe syscall nx pdpe1gb rdtscp lm constant_tsc arch_perfmon pebs bts rep_good nopl xtopology nonstop_tsc aperfmperf eagerfpu pni pclmulqdq dtes64 monitor ds_cpl vmx smx est tm2 ssse3 fma cx16 xtpr pdcm pcid sse4_1 sse4_2 x2apic movbe popcnt tsc_deadline_timer aes xsave avx f16c rdrand lahf_lm abm epb invpcid_single tpr_shadow vnmi flexpriority ept vpid fsgsbase tsc_adjust bmi1 avx2 smep bmi2 erms invpcid xsaveopt dtherm ida arat pln pts
bogomips	: 7184.03
clflush size	: 64
cache_alignment	: 64
address sizes	: 39 bits physical, 48 bits virtual
power management:

processor	: 6
vendor_id	: GenuineIntel
cpu family	: 6
model		: 60
model name	: Intel(R) Core(TM) i7-4790 CPU @ 3.60GHz
stepping	: 3
microcode	: 0x22
cpu MHz		: 3922.312
cache size	: 8192 KB
physical id	: 0
siblings	: 8
core id		: 2
cpu cores	: 4
apicid		: 5
initial apicid	: 5
fpu		: yes
fpu_exception	: yes
cpuid level	: 13
wp		: yes
flags		: fpu vme de pse tsc msr pae mce cx8 apic sep mtrr pge mca cmov pat pse36 clflush dts acpi mmx fxsr sse sse2 ss ht tm pbe syscall nx pdpe1gb rdtscp lm constant_tsc arch_perfmon pebs bts rep_good nopl xtopology nonstop_tsc aperfmperf eagerfpu pni pclmulqdq dtes64 monitor ds_cpl vmx smx est tm2 ssse3 fma cx16 xtpr pdcm pcid sse4_1 sse4_2 x2apic movbe popcnt tsc_deadline_timer aes xsave avx f16c rdrand lahf_lm abm epb invpcid_single tpr_shadow vnmi flexpriority ept vpid fsgsbase tsc_adjust bmi1 avx2 smep bmi2 erms invpcid xsaveopt dtherm ida arat pln pts
bogomips	: 7184.03
clflush size	: 64
cache_alignment	: 64
address sizes	: 39 bits physical, 48 bits virtual
power management:

processor	: 7
vendor_id	: GenuineIntel
cpu family	: 6
model		: 60
model name	: Intel(R) Core(TM) i7-4790 CPU @ 3.60GHz
stepping	: 3
microcode	: 0x22
cpu MHz		: 3799.968
cache size	: 8192 KB
physical id	: 0
siblings	: 8
core id		: 3
cpu cores	: 4
apicid		: 7
initial apicid	: 7
fpu		: yes
fpu_exception	: yes
cpuid level	: 13
wp		: yes
flags		: fpu vme de pse tsc msr pae mce cx8 apic sep mtrr pge mca cmov pat pse36 clflush dts acpi mmx fxsr sse sse2 ss ht tm pbe syscall nx pdpe1gb rdtscp lm constant_tsc arch_perfmon pebs bts rep_good nopl xtopology nonstop_tsc aperfmperf eagerfpu pni pclmulqdq dtes64 monitor ds_cpl vmx smx est tm2 ssse3 fma cx16 xtpr pdcm pcid sse4_1 sse4_2 x2apic movbe popcnt tsc_deadline_timer aes xsave avx f16c rdrand lahf_lm abm epb invpcid_single tpr_shadow vnmi flexpriority ept vpid fsgsbase tsc_adjust bmi1 avx2 smep bmi2 erms invpcid xsaveopt dtherm ida arat pln pts
bogomips	: 7184.03
clflush size	: 64
cache_alignment	: 64
address sizes	: 39 bits physical, 48 bits virtual
power management:



Memory: 4k page, physical 32819632k(277596k free), swap 0k(0k free)

vm_info: OpenJDK 64-Bit Server VM (25.161-b14) for linux-amd64 JRE (1.8.0_161-b14), built on Jan  9 2018 19:54:33 by "mockbuild" with gcc 4.8.5 20150623 (Red Hat 4.8.5-16)

time: Sun Mar 25 17:21:19 2018
elapsed time: 0 seconds (0d 0h 0m 0s)

